2023-06-30 09:21:42,274-INFO:  check rule is : Default
2023-06-30 09:21:42,494-INFO: S:pg,T:pg
2023-06-30 09:21:42,860-INFO: different columns between Source and Target are: None
2023-06-30 09:21:42,999-INFO: value check sucessfully
2023-06-30 09:21:43,515-INFO: |total_count   check|source:200 target:200
2023-06-30 09:21:43,856-INFO: count check successfully
2023-07-04 09:39:59,861-INFO:  check rule is : Default
2023-07-04 09:40:00,055-INFO: S:pg,T:pg
2023-07-04 09:40:00,302-INFO: different columns between Source and Target are: None
2023-07-04 09:40:00,412-INFO: value check sucessfully
2023-07-04 09:40:00,540-INFO: |total_count   check|source:200 target:200
2023-07-04 09:40:00,596-INFO: count check successfully
2023-07-04 10:45:18,081-INFO:  check rule is : Default
2023-07-04 10:45:18,259-INFO: S:pg,T:pg
2023-07-04 10:45:18,518-INFO: different columns between Source and Target are: None
2023-07-04 10:45:18,642-INFO: value check sucessfully
2023-07-04 10:45:18,830-INFO: |total_count   check|source:200 target:200
2023-07-04 10:45:18,931-INFO: count check successfully
2023-07-04 10:46:48,338-INFO:  check rule is : Default
2023-07-04 10:46:48,485-INFO: S:pg,T:pg
2023-07-04 10:46:48,736-INFO: different columns between Source and Target are: None
2023-07-04 10:46:48,852-INFO: value check sucessfully
2023-07-04 10:46:48,978-INFO: |total_count   check|source:200 target:200
2023-07-04 10:46:49,030-INFO: count check successfully
2023-07-04 10:47:38,746-INFO:  check rule is : Default
2023-07-04 10:47:38,922-INFO: S:pg,T:pg
2023-07-04 10:47:39,204-INFO: different columns between Source and Target are: None
2023-07-04 10:47:39,324-INFO: value check sucessfully
2023-07-04 10:47:39,458-INFO: |total_count   check|source:200 target:200
2023-07-04 10:47:39,510-INFO: count check successfully
2023-07-04 10:48:07,646-INFO:  check rule is : Default
2023-07-04 10:48:07,818-INFO: S:pg,T:pg
2023-07-04 10:48:08,063-INFO: different columns between Source and Target are: None
2023-07-04 10:48:08,173-INFO: value check sucessfully
2023-07-04 10:48:08,308-INFO: |total_count   check|source:200 target:200
2023-07-04 10:48:08,362-INFO: count check successfully
2023-07-04 10:48:38,783-INFO:  check rule is : Default
2023-07-04 10:48:38,951-INFO: S:pg,T:pg
2023-07-04 10:48:39,206-INFO: different columns between Source and Target are: None
2023-07-04 10:48:39,315-INFO: value check sucessfully
2023-07-04 10:48:39,437-INFO: |total_count   check|source:200 target:200
2023-07-04 10:48:39,489-INFO: count check successfully
2023-07-04 10:48:55,449-INFO:  check rule is : Default
2023-07-04 10:48:55,602-INFO: S:pg,T:pg
2023-07-04 10:48:55,850-INFO: different columns between Source and Target are: None
2023-07-04 10:48:55,959-INFO: value check sucessfully
2023-07-04 10:48:56,094-INFO: |total_count   check|source:200 target:200
2023-07-04 10:48:56,150-INFO: count check successfully
2023-07-07 11:26:45,953-INFO:  check rule is : Default
2023-07-07 11:26:46,120-INFO: S:pg,T:pg
2023-07-07 11:26:46,364-INFO: different columns between Source and Target are: None
2023-07-07 11:26:46,479-INFO: value check sucessfully
2023-07-07 11:26:46,620-INFO: |total_count   check|source:200 target:200
2023-07-07 11:26:46,671-INFO: count check successfully
2023-07-19 09:18:36,115-INFO:  check rule is : Default
2023-07-19 09:18:36,292-INFO: S:pg,T:pg
2023-07-19 09:18:36,557-INFO: different columns between Source and Target are: None
2023-07-19 09:18:36,679-INFO: value check sucessfully
2023-07-19 09:18:36,824-INFO: |total_count   check|source:200 target:200
2023-07-19 09:18:36,877-INFO: count check successfully
2023-07-27 08:21:49,252-INFO:  check rule is : Default
2023-07-27 08:21:49,406-INFO: S:pg,T:pg
2023-07-27 08:21:49,631-INFO: different columns between Source and Target are: None
2023-07-27 08:21:49,734-INFO: value check sucessfully
2023-07-27 08:21:49,866-INFO: |total_count   check|source:200 target:200
2023-07-27 08:21:49,920-INFO: count check successfully
2023-07-27 08:41:46,413-INFO:  check rule is : Default
2023-07-27 08:41:46,567-INFO: S:pg,T:pg
2023-07-27 08:41:46,790-INFO: different columns between Source and Target are: None
2023-07-27 08:41:46,897-INFO: value check sucessfully
2023-07-27 08:41:47,022-INFO: |total_count   check|source:200 target:200
2023-07-27 08:41:47,073-INFO: count check successfully
2023-07-27 08:44:42,665-INFO:  check rule is : Default
2023-07-27 08:44:42,803-INFO: S:pg,T:pg
2023-07-27 08:44:43,033-INFO: different columns between Source and Target are: None
2023-07-27 08:44:43,139-INFO: value check sucessfully
2023-07-27 08:44:43,262-INFO: |total_count   check|source:200 target:200
2023-07-27 08:44:43,312-INFO: count check successfully
2023-07-27 08:46:01,828-INFO:  check rule is : Default
2023-07-27 08:46:01,963-INFO: S:pg,T:pg
2023-07-27 08:46:02,206-INFO: different columns between Source and Target are: None
2023-07-27 08:46:02,736-INFO: value check sucessfully
2023-07-27 08:46:02,857-INFO: |total_count   check|source:200 target:200
2023-07-27 08:46:02,905-INFO: count check successfully
2023-07-27 08:46:33,400-INFO:  check rule is : Default
2023-07-27 08:46:33,543-INFO: S:pg,T:pg
2023-07-27 08:46:33,760-INFO: different columns between Source and Target are: None
2023-07-27 08:46:33,857-INFO: value check sucessfully
2023-07-27 08:46:33,977-INFO: |total_count   check|source:200 target:200
2023-07-27 08:46:34,031-INFO: count check successfully
2023-07-27 08:58:01,338-INFO:  check rule is : Default
2023-07-27 08:58:01,492-INFO: S:pg,T:pg
2023-07-27 08:58:01,707-INFO: different columns between Source and Target are: None
2023-07-27 08:58:01,970-INFO: value check sucessfully
2023-07-27 08:58:02,092-INFO: |total_count   check|source:200 target:200
2023-07-27 08:58:02,143-INFO: count check successfully
2023-07-27 09:01:19,160-INFO:  check rule is : Default
2023-07-27 09:01:19,302-INFO: S:pg,T:pg
2023-07-27 09:01:19,528-INFO: different columns between Source and Target are: None
2023-07-27 09:01:19,729-INFO: value check sucessfully
2023-07-27 09:01:19,849-INFO: |total_count   check|source:200 target:200
2023-07-27 09:01:19,898-INFO: count check successfully
2023-07-27 09:03:49,563-INFO:  check rule is : Default
2023-07-27 09:03:49,715-INFO: S:pg,T:pg
2023-07-27 09:03:49,922-INFO: different columns between Source and Target are: None
2023-07-27 09:03:50,054-INFO: value check sucessfully
2023-07-27 09:03:50,179-INFO: |total_count   check|source:200 target:200
2023-07-27 09:03:50,230-INFO: count check successfully
2023-07-27 09:23:16,451-INFO:  check rule is : Default
2023-07-27 09:23:16,598-INFO: S:pg,T:pg
2023-07-27 09:23:16,815-INFO: different columns between Source and Target are: None
2023-07-27 09:23:16,960-INFO: value check sucessfully
2023-07-27 09:23:17,078-INFO: |total_count   check|source:200 target:200
2023-07-27 09:23:17,127-INFO: count check successfully
2023-07-27 09:23:51,521-INFO:  check rule is : Default
2023-07-27 09:23:51,665-INFO: S:pg,T:pg
2023-07-27 09:23:51,880-INFO: different columns between Source and Target are: None
2023-07-27 09:23:52,029-INFO: value check sucessfully
2023-07-27 09:23:52,147-INFO: |total_count   check|source:200 target:200
2023-07-27 09:23:52,206-INFO: count check successfully
2023-07-27 09:31:30,131-INFO:  check rule is : Default
2023-07-27 09:31:30,279-INFO: S:pg,T:pg
2023-07-27 09:31:30,525-INFO: different columns between Source and Target are: None
2023-07-27 09:31:30,678-INFO: value check sucessfully
2023-07-27 09:31:30,804-INFO: |total_count   check|source:200 target:200
2023-07-27 09:31:30,852-INFO: count check successfully
2023-07-27 09:34:01,989-INFO:  check rule is : Default
2023-07-27 09:34:02,135-INFO: S:pg,T:pg
2023-07-27 09:34:02,349-INFO: different columns between Source and Target are: None
2023-07-27 09:34:02,486-INFO: value check sucessfully
2023-07-27 09:34:02,608-INFO: |total_count   check|source:200 target:200
2023-07-27 09:34:02,657-INFO: count check successfully
2023-07-27 09:35:34,926-INFO:  check rule is : Default
2023-07-27 09:35:35,076-INFO: S:pg,T:pg
2023-07-27 09:35:35,282-INFO: different columns between Source and Target are: None
2023-07-27 09:35:35,418-INFO: value check sucessfully
2023-07-27 09:35:35,535-INFO: |total_count   check|source:200 target:200
2023-07-27 09:35:35,587-INFO: count check successfully
2023-07-27 09:36:07,054-INFO:  check rule is : Default
2023-07-27 09:36:07,197-INFO: S:pg,T:pg
2023-07-27 09:36:07,427-INFO: different columns between Source and Target are: None
2023-07-27 09:36:07,568-INFO: value check sucessfully
2023-07-27 09:36:07,692-INFO: |total_count   check|source:200 target:200
2023-07-27 09:36:07,742-INFO: count check successfully
2023-07-27 10:21:34,551-INFO:  check rule is : Default
2023-07-27 10:21:34,698-INFO: S:pg,T:pg
2023-07-27 10:21:34,941-INFO: different columns between Source and Target are: None
2023-07-27 10:21:35,095-INFO: value check sucessfully
2023-07-27 10:21:35,219-INFO: |total_count   check|source:200 target:200
2023-07-27 10:21:35,266-INFO: count check successfully
2023-07-27 10:42:29,785-INFO:  check rule is : Default
2023-07-27 10:42:29,931-INFO: S:pg,T:pg
2023-07-27 10:42:30,152-INFO: different columns between Source and Target are: None
2023-07-27 10:42:30,292-INFO: value check sucessfully
2023-07-27 10:42:30,413-INFO: |total_count   check|source:200 target:200
2023-07-27 10:42:30,460-INFO: count check successfully
2023-07-27 10:51:12,216-INFO:  check rule is : Default
2023-07-27 10:51:12,362-INFO: S:pg,T:pg
2023-07-27 10:51:12,588-INFO: different columns between Source and Target are: None
2023-07-27 10:51:12,734-INFO: value check sucessfully
2023-07-27 10:51:12,855-INFO: |total_count   check|source:200 target:200
2023-07-27 10:51:12,901-INFO: count check successfully
2023-07-27 11:00:09,801-INFO:  check rule is : Default
2023-07-27 11:00:09,943-INFO: S:pg,T:pg
2023-07-27 11:00:10,170-INFO: different columns between Source and Target are: None
2023-07-27 11:00:10,345-INFO: value check sucessfully
2023-07-27 11:00:10,470-INFO: |total_count   check|source:200 target:200
2023-07-27 11:00:10,519-INFO: count check successfully
2023-08-01 15:00:56,033-INFO:  check rule is : Default
2023-08-01 15:01:49,531-INFO:  check rule is : Default
2023-08-01 15:05:16,905-INFO:  check rule is : Default
2023-08-01 15:06:36,625-INFO:  check rule is : Default
2023-08-01 15:06:36,784-INFO: S:pg,T:pg
2023-08-01 15:06:37,034-INFO: different columns between Source and Target are: None
2023-08-01 15:06:37,144-INFO: value check sucessfully
2023-08-01 15:06:37,319-INFO: |total_count   check|source:200 target:200
2023-08-01 15:06:37,379-INFO: count check successfully
2023-08-01 15:08:19,798-INFO:  check rule is : Default
2023-08-01 15:08:19,944-INFO: S:pg,T:pg
2023-08-01 15:08:20,170-INFO: different columns between Source and Target are: None
2023-08-01 15:08:20,287-INFO: value check sucessfully
2023-08-01 15:08:20,487-INFO: |total_count   check|source:200 target:200
2023-08-01 15:08:20,561-INFO: count check successfully
2023-08-01 15:08:46,290-INFO:  check rule is : Default
2023-08-01 15:08:46,445-INFO: S:pg,T:pg
2023-08-01 15:08:46,683-INFO: different columns between Source and Target are: None
2023-08-01 15:08:46,807-INFO: value check sucessfully
2023-08-01 15:08:46,977-INFO: |total_count   check|source:200 target:200
2023-08-01 15:08:47,059-INFO: count check successfully
2023-08-01 15:14:43,008-INFO:  check rule is : Default
2023-08-01 15:14:43,158-INFO: S:pg,T:pg
2023-08-01 15:14:43,400-INFO: different columns between Source and Target are: None
2023-08-01 15:14:43,513-INFO: value check sucessfully
2023-08-01 15:14:43,657-INFO: |total_count   check|source:200 target:200
2023-08-01 15:14:43,723-INFO: count check successfully
2023-08-01 15:25:06,000-INFO:  check rule is : Default
2023-08-01 15:25:06,147-INFO: S:pg,T:pg
2023-08-01 15:25:06,351-INFO: different columns between Source and Target are: None
2023-08-01 15:25:06,448-INFO: value check sucessfully
2023-08-01 15:25:06,618-INFO: |total_count   check|source:200 target:200
2023-08-01 15:25:06,812-INFO: count check successfully
2023-08-15 15:51:25,492-INFO:  check rule is : Default
2023-08-15 15:51:25,646-INFO: S:pg,T:pg
2023-08-15 15:51:25,874-INFO: different columns between Source and Target are: None
2023-08-15 15:51:25,973-INFO: value check sucessfully
2023-08-15 15:51:26,120-INFO: |total_count   check|source:200 target:200
2023-08-15 15:51:26,184-INFO: count check successfully
2023-08-15 16:13:06,957-INFO:  check rule is : Default
2023-08-15 16:13:07,135-INFO: S:pg,T:pg
2023-08-15 16:13:07,347-INFO: different columns between Source and Target are: None
2023-08-15 16:13:07,451-INFO: value check sucessfully
2023-08-15 16:13:07,591-INFO: |total_count   check|source:200 target:200
2023-08-15 16:13:07,651-INFO: count check successfully
2023-08-15 16:13:26,030-INFO:  check rule is : Default
2023-08-15 16:13:26,166-INFO: S:pg,T:pg
2023-08-15 16:13:26,403-INFO: different columns between Source and Target are: None
2023-08-15 16:13:26,509-INFO: value check sucessfully
2023-08-15 16:13:26,629-INFO: |total_count   check|source:200 target:200
2023-08-15 16:13:26,680-INFO: count check successfully
2023-08-20 11:30:57,608-INFO:  check rule is : Default
2023-08-20 11:30:57,801-INFO: S:pg,T:pg
2023-08-20 11:30:58,056-INFO: different columns between Source and Target are: None
2023-08-20 11:30:58,170-INFO: value check sucessfully
2023-08-20 11:30:58,304-INFO: |total_count   check|source:200 target:200
2023-08-20 11:30:58,358-INFO: count check successfully
2023-08-20 11:43:17,791-INFO:  check rule is : Default
2023-08-20 11:43:17,968-INFO: S:pg,T:pg
2023-08-20 11:43:18,234-INFO: different columns between Source and Target are: None
2023-08-20 11:43:18,356-INFO: value check sucessfully
2023-08-20 11:43:18,488-INFO: |total_count   check|source:200 target:200
2023-08-20 11:43:18,536-INFO: count check successfully
2023-08-20 11:44:43,103-INFO:  check rule is : Default
2023-08-20 11:44:43,273-INFO: S:pg,T:pg
2023-08-20 11:44:43,500-INFO: different columns between Source and Target are: None
2023-08-20 11:44:43,616-INFO: value check sucessfully
2023-08-20 11:44:43,741-INFO: |total_count   check|source:200 target:200
2023-08-20 11:44:43,788-INFO: count check successfully
2023-08-20 11:45:26,634-INFO:  check rule is : Default
2023-08-20 11:45:26,803-INFO: S:pg,T:pg
2023-08-20 11:45:27,066-INFO: different columns between Source and Target are: None
2023-08-20 11:45:27,179-INFO: value check sucessfully
2023-08-20 11:45:27,306-INFO: |total_count   check|source:200 target:200
2023-08-20 11:45:27,356-INFO: count check successfully
2023-08-20 11:45:52,157-INFO:  check rule is : Default
2023-08-20 11:45:52,332-INFO: S:pg,T:pg
2023-08-20 11:45:52,589-INFO: different columns between Source and Target are: None
2023-08-20 11:45:53,315-INFO: value check sucessfully
2023-08-20 11:45:53,448-INFO: |total_count   check|source:200 target:200
2023-08-20 11:45:53,499-INFO: count check successfully
2023-08-20 11:48:07,635-INFO:  check rule is : Default
2023-08-20 11:48:07,816-INFO: S:pg,T:pg
2023-08-20 11:48:08,047-INFO: different columns between Source and Target are: None
2023-08-20 11:48:08,154-INFO: value check sucessfully
2023-08-20 11:48:08,292-INFO: |total_count   check|source:200 target:200
2023-08-20 11:48:08,341-INFO: count check successfully
2023-08-20 11:49:12,380-INFO:  check rule is : Default
2023-08-20 11:49:12,555-INFO: S:pg,T:pg
2023-08-20 11:49:12,816-INFO: different columns between Source and Target are: None
2023-08-20 11:51:46,435-INFO:  check rule is : Default
2023-08-20 11:51:46,606-INFO: S:pg,T:pg
2023-08-20 11:51:46,838-INFO: different columns between Source and Target are: None
2023-08-20 11:53:15,729-INFO:  check rule is : Default
2023-08-20 11:53:15,886-INFO: S:pg,T:pg
2023-08-20 11:53:16,159-INFO: different columns between Source and Target are: None
2023-08-20 12:00:11,036-INFO:  check rule is : Default
2023-08-20 12:00:11,203-INFO: S:pg,T:pg
2023-08-20 12:00:11,443-INFO: different columns between Source and Target are: None
2023-08-20 12:02:24,569-INFO:  check rule is : Default
2023-08-20 12:02:24,754-INFO: S:pg,T:pg
2023-08-20 12:02:25,006-INFO: different columns between Source and Target are: None
2023-08-20 12:03:33,449-INFO:  check rule is : Default
2023-08-20 12:03:33,616-INFO: S:pg,T:pg
2023-08-20 12:03:33,900-INFO: different columns between Source and Target are: None
2023-08-20 12:09:15,530-INFO:  check rule is : Default
2023-08-20 12:09:15,677-INFO: S:pg,T:pg
2023-08-20 12:09:15,926-INFO: different columns between Source and Target are: None
2023-08-20 12:11:16,626-INFO:  check rule is : Default
2023-08-20 12:11:16,848-INFO: S:pg,T:pg
2023-08-20 12:11:17,121-INFO: different columns between Source and Target are: None
2023-08-20 12:14:20,062-INFO:  check rule is : Default
2023-08-20 12:14:20,227-INFO: S:pg,T:pg
2023-08-20 12:14:20,483-INFO: different columns between Source and Target are: None
2023-08-20 12:14:27,667-INFO:  check rule is : Default
2023-08-20 12:14:27,824-INFO: S:pg,T:pg
2023-08-20 12:14:28,088-INFO: different columns between Source and Target are: None
2023-08-20 12:14:44,039-INFO:  check rule is : Default
2023-08-20 12:14:44,224-INFO: S:pg,T:pg
2023-08-20 12:14:44,456-INFO: different columns between Source and Target are: None
2023-08-20 12:43:21,510-INFO:  check rule is : Default
2023-08-20 12:43:21,690-INFO: S:pg,T:pg
2023-08-20 12:43:21,968-INFO: different columns between Source and Target are: None
2023-08-20 12:58:22,128-INFO:  check rule is : Default
2023-08-20 12:58:22,301-INFO: S:pg,T:pg
2023-08-20 12:58:22,556-INFO: different columns between Source and Target are: None
2023-09-06 18:23:07,763 [run_or_mx.py-77] INFO:  check rule is : Default
2023-09-06 18:23:07,926 [run_or_mx.py-471] INFO: S:pg,T:pg
2023-09-06 18:23:08,148 [checker.py-383] INFO: different columns between Source and Target are: None
2023-09-06 18:42:44,009 [run_or_mx.py-77] INFO:  check rule is : Default
2023-09-06 18:42:44,174 [run_or_mx.py-471] INFO: S:pg,T:pg
2023-09-06 18:42:44,439 [checker.py-383] INFO: different columns between Source and Target are: None
2023-09-06 18:42:44,553 [checker.py-338] INFO: value check sucessfully
2023-09-06 18:42:44,674 [checker.py-115] INFO: |total_count   check|source:200 target:200
2023-09-06 18:42:44,720 [checker.py-136] INFO: count check successfully
2023-09-06 18:51:37,263 [run_or_mx.py-77] INFO:  check rule is : Default
2023-09-06 18:51:37,409 [run_or_mx.py-471] INFO: S:pg,T:pg
2023-09-06 18:51:37,645 [checker.py-383] INFO: different columns between Source and Target are: None
2023-09-08 11:03:26,891 [run_or_mx.py-77] INFO:  check rule is : Default
2023-09-08 11:03:27,961 [run_or_mx.py-471] INFO: S:pg,T:pg
2023-09-08 11:03:29,701 [checker.py-383] INFO: different columns between Source and Target are: None
2023-09-08 11:03:30,410 [checker.py-338] INFO: value check sucessfully
2023-09-08 11:03:30,830 [checker.py-115] INFO: |total_count   check|source:200 target:200
2023-09-08 11:03:30,877 [checker.py-136] INFO: count check successfully
2023-09-27 17:43:15,110 [run_or_mx.py-77] INFO:  check rule is : Default
2023-09-27 17:43:15,277 [run_or_mx.py-471] INFO: S:pg,T:pg
2023-09-27 17:43:15,514 [checker.py-383] INFO: different columns between Source and Target are: None
2023-09-27 17:43:15,625 [checker.py-338] INFO: value check sucessfully
2023-09-27 17:43:15,744 [checker.py-115] INFO: |total_count   check|source:200 target:200
2023-09-27 17:43:15,790 [checker.py-136] INFO: count check successfully
2024-01-04 08:24:11,834 [run_or_mx.py-77] INFO:  check rule is : Default
2024-01-04 08:24:11,984 [run_or_mx.py-471] INFO: S:pg,T:pg
2024-01-04 08:24:12,232 [checker.py-383] INFO: different columns between Source and Target are: None
2024-01-04 08:24:32,712 [run_or_mx.py-77] INFO:  check rule is : Default
2024-01-04 08:24:32,855 [run_or_mx.py-471] INFO: S:pg,T:pg
2024-01-04 08:24:33,076 [checker.py-383] INFO: different columns between Source and Target are: None
2024-01-04 08:24:33,177 [checker.py-338] INFO: value check sucessfully
2024-01-04 08:24:33,305 [checker.py-115] INFO: |total_count   check|source:200 target:200
2024-01-04 08:24:33,360 [checker.py-136] INFO: count check successfully
2024-01-08 08:12:59,224 [run_or_mx.py-77] INFO:  check rule is : Default
2024-01-08 08:12:59,369 [run_or_mx.py-471] INFO: S:pg,T:pg
2024-01-08 08:12:59,621 [checker.py-383] INFO: different columns between Source and Target are: None
2024-01-08 08:12:59,732 [checker.py-338] INFO: value check sucessfully
2024-01-08 08:12:59,864 [checker.py-115] INFO: |total_count   check|source:200 target:200
2024-01-08 08:12:59,916 [checker.py-136] INFO: count check successfully
2024-01-09 09:10:30,363 [run_or_mx.py-77] INFO:  check rule is : Default
2024-01-09 09:10:30,520 [run_or_mx.py-471] INFO: S:pg,T:pg
2024-01-09 09:10:30,769 [checker.py-383] INFO: different columns between Source and Target are: None
2024-01-09 09:10:30,882 [checker.py-338] INFO: value check sucessfully
2024-01-09 09:10:31,014 [checker.py-115] INFO: |total_count   check|source:200 target:200
2024-01-09 09:10:31,066 [checker.py-136] INFO: count check successfully
2024-01-09 09:10:41,965 [run_or_mx.py-77] INFO:  check rule is : Default
2024-01-09 09:10:42,113 [run_or_mx.py-471] INFO: S:pg,T:pg
2024-01-09 09:10:42,326 [checker.py-383] INFO: different columns between Source and Target are: None
2024-01-09 09:10:42,425 [checker.py-338] INFO: value check sucessfully
2024-01-09 09:10:42,574 [checker.py-115] INFO: |total_count   check|source:200 target:200
2024-01-09 09:10:42,628 [checker.py-136] INFO: count check successfully
2024-01-09 09:26:12,849 [run_or_mx.py-77] INFO:  check rule is : Default
2024-01-09 09:26:13,014 [run_or_mx.py-471] INFO: S:pg,T:pg
2024-01-09 09:26:13,231 [checker.py-383] INFO: different columns between Source and Target are: None
2024-01-09 09:26:13,331 [checker.py-338] INFO: value check sucessfully
2024-01-09 09:26:13,453 [checker.py-115] INFO: |total_count   check|source:200 target:200
2024-01-09 09:26:13,504 [checker.py-136] INFO: count check successfully
2024-01-09 09:34:13,793 [run_or_mx.py-77] INFO:  check rule is : Default
2024-01-09 09:34:13,937 [run_or_mx.py-471] INFO: S:pg,T:pg
2024-01-09 09:34:14,166 [checker.py-383] INFO: different columns between Source and Target are: None
2024-01-09 09:34:14,271 [checker.py-338] INFO: value check sucessfully
2024-01-09 09:34:14,396 [checker.py-115] INFO: |total_count   check|source:200 target:200
2024-01-09 09:34:14,449 [checker.py-136] INFO: count check successfully
2024-01-09 09:52:34,596 [run_or_mx.py-77] INFO:  check rule is : Default
2024-01-09 09:52:34,750 [run_or_mx.py-471] INFO: S:pg,T:pg
2024-01-09 09:52:34,976 [checker.py-383] INFO: different columns between Source and Target are: None
2024-01-09 09:52:35,079 [checker.py-338] INFO: value check sucessfully
2024-01-09 09:52:35,200 [checker.py-115] INFO: |total_count   check|source:200 target:200
2024-01-09 09:52:35,251 [checker.py-136] INFO: count check successfully
2024-01-09 14:06:43,852 [run_or_mx.py-77] INFO:  check rule is : Default
2024-01-09 14:06:44,012 [run_or_mx.py-471] INFO: S:pg,T:pg
2024-01-09 14:06:44,247 [checker.py-383] INFO: different columns between Source and Target are: {'', 'STATUS', 'TARGET_CODE', 'EDITOR', 'TARGET_TIME', 'CREATE_TIME', 'ENCRYPTIONPHONE_TEXT', 'CREATOR', 'EDIT_TIME'}
2024-01-11 08:14:12,155 [run_or_mx.py-77] INFO:  check rule is : Default
2024-01-11 08:14:12,309 [run_or_mx.py-471] INFO: S:pg,T:pg
2024-01-11 08:14:12,537 [checker.py-383] INFO: different columns between Source and Target are: {'TARGET_TIME', 'ENCRYPTIONPHONE_TEXT', '', 'CREATE_TIME', 'EDIT_TIME', 'CREATOR', 'STATUS', 'EDITOR', 'TARGET_CODE'}
2024-01-11 08:38:44,937 [run_or_mx.py-77] INFO:  check rule is : Default
2024-01-11 08:38:45,106 [run_or_mx.py-471] INFO: S:pg,T:pg
2024-01-11 08:38:45,335 [checker.py-383] INFO: different columns between Source and Target are: {'ENCRYPTIONPHONE_TEXT', 'TARGET_TIME', 'EDIT_TIME', '', 'CREATE_TIME', 'EDITOR', 'STATUS', 'CREATOR', 'TARGET_CODE'}
2024-01-11 09:00:33,802 [run_or_mx.py-79] INFO:  check rule is : Default
2024-01-11 09:00:33,935 [run_or_mx.py-473] INFO: S:pg,T:pg
2024-01-11 09:00:34,127 [checker.py-383] INFO: different columns between Source and Target are: {'', 'CREATOR', 'TARGET_TIME', 'EDITOR', 'EDIT_TIME', 'ENCRYPTIONPHONE_TEXT', 'CREATE_TIME', 'STATUS', 'TARGET_CODE'}
2024-01-11 09:03:44,909 [run_or_mx.py-86] INFO:  check rule is : Default
2024-01-11 09:03:45,060 [run_or_mx.py-480] INFO: S:pg,T:pg
2024-01-11 09:03:45,259 [checker.py-383] INFO: different columns between Source and Target are: {'EDIT_TIME', '', 'STATUS', 'TARGET_CODE', 'ENCRYPTIONPHONE_TEXT', 'EDITOR', 'CREATE_TIME', 'CREATOR', 'TARGET_TIME'}
2024-01-11 09:04:29,632 [run_or_mx.py-86] INFO:  check rule is : Default
2024-01-11 09:04:29,809 [run_or_mx.py-480] INFO: S:pg,T:pg
2024-01-11 09:04:30,053 [checker.py-383] INFO: different columns between Source and Target are: {'', 'EDIT_TIME', 'CREATE_TIME', 'EDITOR', 'TARGET_CODE', 'STATUS', 'CREATOR', 'TARGET_TIME', 'ENCRYPTIONPHONE_TEXT'}
2024-01-11 09:13:58,086 [run_or_mx.py-92] INFO:  check rule is : Default
2024-01-11 09:13:58,236 [run_or_mx.py-486] INFO: S:pg,T:pg
2024-01-11 09:13:58,461 [checker.py-383] INFO: different columns between Source and Target are: None
2024-01-11 09:13:58,565 [checker.py-338] INFO: value check sucessfully
2024-01-11 09:13:58,685 [checker.py-115] INFO: |total_count   check|source:200 target:200
2024-01-11 09:13:58,733 [checker.py-136] INFO: count check successfully
2024-01-11 09:14:18,852 [run_or_mx.py-92] INFO:  check rule is : Default
2024-01-11 09:14:19,091 [run_or_mx.py-486] INFO: S:pg,T:pg
2024-01-11 09:14:19,317 [checker.py-383] INFO: different columns between Source and Target are: None
2024-01-11 09:14:19,419 [checker.py-338] INFO: value check sucessfully
2024-01-11 09:14:19,540 [checker.py-115] INFO: |total_count   check|source:200 target:200
2024-01-11 09:14:19,587 [checker.py-136] INFO: count check successfully
2024-01-11 09:15:52,455 [run_or_mx.py-92] INFO:  check rule is : Default
2024-01-11 09:15:52,605 [run_or_mx.py-486] INFO: S:pg,T:pg
2024-01-11 09:15:52,804 [checker.py-383] INFO: different columns between Source and Target are: None
2024-01-11 09:15:52,898 [checker.py-338] INFO: value check sucessfully
2024-01-11 09:15:53,023 [checker.py-115] INFO: |total_count   check|source:200 target:200
2024-01-11 09:15:53,076 [checker.py-136] INFO: count check successfully
2024-01-11 09:16:22,387 [run_or_mx.py-89] INFO:  check rule is : Default
2024-01-11 09:16:22,556 [run_or_mx.py-483] INFO: S:pg,T:pg
2024-01-11 09:16:22,796 [checker.py-383] INFO: different columns between Source and Target are: None
2024-01-11 09:16:22,904 [checker.py-338] INFO: value check sucessfully
2024-01-11 09:16:23,027 [checker.py-115] INFO: |total_count   check|source:200 target:200
2024-01-11 09:16:23,073 [checker.py-136] INFO: count check successfully
2024-01-11 09:16:31,571 [run_or_mx.py-89] INFO:  check rule is : Default
2024-01-11 09:16:31,722 [run_or_mx.py-483] INFO: S:pg,T:pg
2024-01-11 09:16:31,941 [checker.py-383] INFO: different columns between Source and Target are: None
2024-01-11 09:16:32,044 [checker.py-338] INFO: value check sucessfully
2024-01-11 09:16:32,167 [checker.py-115] INFO: |total_count   check|source:200 target:200
2024-01-11 09:16:32,217 [checker.py-136] INFO: count check successfully
2024-01-11 09:17:51,990 [run_or_mx.py-89] INFO:  check rule is : Default
2024-01-11 09:17:52,141 [run_or_mx.py-483] INFO: S:pg,T:pg
2024-01-11 09:17:52,389 [checker.py-383] INFO: different columns between Source and Target are: None
2024-01-11 09:17:52,526 [checker.py-338] INFO: value check sucessfully
2024-01-11 09:17:52,651 [checker.py-115] INFO: |total_count   check|source:200 target:200
2024-01-11 09:17:52,714 [checker.py-136] INFO: count check successfully
2024-01-11 09:18:05,503 [run_or_mx.py-89] INFO:  check rule is : Default
2024-01-11 09:18:05,645 [run_or_mx.py-483] INFO: S:pg,T:pg
2024-01-11 09:18:05,857 [checker.py-383] INFO: different columns between Source and Target are: None
2024-01-11 09:18:05,956 [checker.py-338] INFO: value check sucessfully
2024-01-11 09:18:06,077 [checker.py-115] INFO: |total_count   check|source:200 target:200
2024-01-11 09:18:06,123 [checker.py-136] INFO: count check successfully
2024-01-11 09:18:30,632 [run_or_mx.py-89] INFO:  check rule is : Default
2024-01-11 09:18:30,792 [run_or_mx.py-483] INFO: S:pg,T:pg
2024-01-11 09:18:31,036 [checker.py-383] INFO: different columns between Source and Target are: None
2024-01-11 09:18:31,148 [checker.py-338] INFO: value check sucessfully
2024-01-11 09:18:31,298 [checker.py-115] INFO: |total_count   check|source:200 target:200
2024-01-11 09:18:31,349 [checker.py-136] INFO: count check successfully
2024-01-11 09:18:54,983 [run_or_mx.py-89] INFO:  check rule is : Default
2024-01-11 09:18:55,128 [run_or_mx.py-483] INFO: S:pg,T:pg
2024-01-11 09:18:55,357 [checker.py-383] INFO: different columns between Source and Target are: None
2024-01-11 09:18:55,461 [checker.py-338] INFO: value check sucessfully
2024-01-11 09:18:55,587 [checker.py-115] INFO: |total_count   check|source:200 target:200
2024-01-11 09:18:55,635 [checker.py-136] INFO: count check successfully
2024-01-11 09:33:52,767 [run_or_mx.py-87] INFO:  check rule is : Default
2024-01-11 09:33:52,937 [run_or_mx.py-481] INFO: S:pg,T:pg
2024-01-11 09:33:53,157 [checker.py-383] INFO: different columns between Source and Target are: None
2024-01-11 09:33:53,260 [checker.py-338] INFO: value check sucessfully
2024-01-11 09:33:53,400 [checker.py-115] INFO: |total_count   check|source:200 target:200
2024-01-11 09:33:53,458 [checker.py-136] INFO: count check successfully
2024-01-11 09:34:20,729 [run_or_mx.py-87] INFO:  check rule is : Default
2024-01-11 09:34:20,890 [run_or_mx.py-481] INFO: S:pg,T:pg
2024-01-11 09:34:21,129 [checker.py-383] INFO: different columns between Source and Target are: None
2024-01-11 09:34:21,246 [checker.py-338] INFO: value check sucessfully
2024-01-11 09:34:21,372 [checker.py-115] INFO: |total_count   check|source:200 target:200
2024-01-11 09:34:21,422 [checker.py-136] INFO: count check successfully
2024-01-11 10:59:36,252 [run_or_mx.py-93] INFO:  check rule is : Default
2024-01-11 10:59:36,399 [run_or_mx.py-487] INFO: S:pg,T:pg
2024-01-11 10:59:36,636 [checker.py-383] INFO: different columns between Source and Target are: None
2024-01-11 10:59:36,743 [checker.py-338] INFO: value check sucessfully
2024-01-11 10:59:36,866 [checker.py-115] INFO: |total_count   check|source:200 target:200
2024-01-11 10:59:36,913 [checker.py-136] INFO: count check successfully
2024-01-11 11:00:21,641 [run_or_mx.py-93] INFO:  check rule is : Default
2024-01-11 11:00:21,798 [run_or_mx.py-487] INFO: S:pg,T:pg
2024-01-11 11:00:22,029 [checker.py-383] INFO: different columns between Source and Target are: None
2024-01-11 11:00:22,154 [checker.py-338] INFO: value check sucessfully
2024-01-11 11:00:22,277 [checker.py-115] INFO: |total_count   check|source:200 target:200
2024-01-11 11:00:22,324 [checker.py-136] INFO: count check successfully
2024-01-11 11:05:05,746 [run_or_mx.py-93] INFO:  check rule is : Default
2024-01-11 11:05:05,897 [run_or_mx.py-487] INFO: S:pg,T:pg
2024-01-11 11:05:06,100 [checker.py-383] INFO: different columns between Source and Target are: None
2024-01-11 11:05:06,194 [checker.py-338] INFO: value check sucessfully
2024-01-11 11:05:06,310 [checker.py-115] INFO: |total_count   check|source:200 target:200
2024-01-11 11:05:06,361 [checker.py-136] INFO: count check successfully
2024-01-11 11:13:31,586 [run_or_mx.py-110] INFO:  check rule is : Default
2024-01-11 11:13:31,741 [run_or_mx.py-504] INFO: S:pg,T:pg
2024-01-11 11:13:31,970 [checker.py-383] INFO: different columns between Source and Target are: None
2024-01-11 11:13:32,073 [checker.py-338] INFO: value check sucessfully
2024-01-11 11:13:32,225 [checker.py-115] INFO: |total_count   check|source:200 target:200
2024-01-11 11:13:32,274 [checker.py-136] INFO: count check successfully
2024-01-11 11:17:52,099 [run_or_mx.py-105] INFO:  check rule is : Default
2024-01-11 11:17:52,228 [run_or_mx.py-499] INFO: S:pg,T:pg
2024-01-11 11:17:52,439 [checker.py-383] INFO: different columns between Source and Target are: None
2024-01-11 11:17:52,538 [checker.py-338] INFO: value check sucessfully
2024-01-11 11:17:52,663 [checker.py-115] INFO: |total_count   check|source:200 target:200
2024-01-11 11:17:52,710 [checker.py-136] INFO: count check successfully
2024-01-11 11:19:04,095 [run_or_mx.py-124] INFO:  check rule is : Default
2024-01-11 11:19:04,252 [run_or_mx.py-518] INFO: S:pg,T:pg
2024-01-11 11:19:04,483 [checker.py-383] INFO: different columns between Source and Target are: None
2024-01-11 11:19:04,588 [checker.py-338] INFO: value check sucessfully
2024-01-11 11:19:04,711 [checker.py-115] INFO: |total_count   check|source:200 target:200
2024-01-11 11:19:04,759 [checker.py-136] INFO: count check successfully
2024-01-11 11:21:51,648 [run_or_mx.py-134] INFO:  check rule is : Default
2024-01-11 11:21:51,793 [run_or_mx.py-528] INFO: S:pg,T:pg
2024-01-11 11:21:51,993 [checker.py-383] INFO: different columns between Source and Target are: None
2024-01-11 11:21:52,086 [checker.py-338] INFO: value check sucessfully
2024-01-11 11:21:52,200 [checker.py-115] INFO: |total_count   check|source:200 target:200
2024-01-11 11:21:52,246 [checker.py-136] INFO: count check successfully
2024-01-11 11:31:24,874 [run_or_mx.py-134] INFO:  check rule is : Default
2024-01-11 11:31:25,030 [run_or_mx.py-528] INFO: S:pg,T:pg
2024-01-11 11:31:25,219 [checker.py-383] INFO: different columns between Source and Target are: None
2024-01-11 11:31:25,307 [checker.py-338] INFO: value check sucessfully
2024-01-11 11:31:25,419 [checker.py-115] INFO: |total_count   check|source:200 target:200
2024-01-11 11:31:25,465 [checker.py-136] INFO: count check successfully
2024-01-11 11:49:13,436 [run_or_mx.py-77] INFO:  check rule is : Default
2024-01-11 11:49:13,581 [run_or_mx.py-471] INFO: S:pg,T:pg
2024-01-11 11:49:13,793 [checker.py-383] INFO: different columns between Source and Target are: None
2024-01-11 11:49:13,891 [checker.py-338] INFO: value check sucessfully
2024-01-11 11:49:14,029 [checker.py-115] INFO: |total_count   check|source:200 target:200
2024-01-11 11:49:14,076 [checker.py-136] INFO: count check successfully
2024-01-11 11:51:18,344 [run_or_mx.py-77] INFO:  check rule is : Default
2024-01-11 11:51:18,477 [run_or_mx.py-471] INFO: S:pg,T:pg
2024-01-11 11:51:18,710 [checker.py-383] INFO: different columns between Source and Target are: None
2024-01-11 11:51:18,817 [checker.py-338] INFO: value check sucessfully
2024-01-11 11:51:18,951 [checker.py-115] INFO: |total_count   check|source:200 target:200
2024-01-11 11:51:19,000 [checker.py-136] INFO: count check successfully
2024-01-11 11:51:26,539 [run_or_mx.py-161] INFO:  check rule is : Default
2024-01-11 11:51:26,685 [run_or_mx.py-555] INFO: S:pg,T:pg
2024-01-11 11:51:26,918 [checker.py-383] INFO: different columns between Source and Target are: None
2024-01-11 11:51:27,026 [checker.py-338] INFO: value check sucessfully
2024-01-11 11:51:27,148 [checker.py-115] INFO: |total_count   check|source:200 target:200
2024-01-11 11:51:27,196 [checker.py-136] INFO: count check successfully
2024-01-11 11:52:23,738 [run_or_mx.py-159] INFO:  check rule is : Default
2024-01-11 11:52:23,881 [run_or_mx.py-553] INFO: S:pg,T:pg
2024-01-11 11:52:24,113 [checker.py-383] INFO: different columns between Source and Target are: None
2024-01-11 11:52:24,223 [checker.py-338] INFO: value check sucessfully
2024-01-11 11:52:24,339 [checker.py-115] INFO: |total_count   check|source:200 target:200
2024-01-11 11:52:24,385 [checker.py-136] INFO: count check successfully
2024-01-11 11:56:36,559 [run_or_mx.py-168] INFO:  check rule is : Default
2024-01-11 11:56:36,691 [run_or_mx.py-562] INFO: S:pg,T:pg
2024-01-11 11:56:36,896 [checker.py-383] INFO: different columns between Source and Target are: None
2024-01-11 11:56:36,992 [checker.py-338] INFO: value check sucessfully
2024-01-11 11:56:37,105 [checker.py-115] INFO: |total_count   check|source:200 target:200
2024-01-11 11:56:37,150 [checker.py-136] INFO: count check successfully
2024-01-11 11:58:26,965 [run_or_mx.py-168] INFO:  check rule is : Default
2024-01-11 11:58:27,122 [run_or_mx.py-562] INFO: S:pg,T:pg
2024-01-11 11:58:27,363 [checker.py-383] INFO: different columns between Source and Target are: None
2024-01-11 11:58:27,472 [checker.py-338] INFO: value check sucessfully
2024-01-11 11:58:27,589 [checker.py-115] INFO: |total_count   check|source:200 target:200
2024-01-11 11:58:27,634 [checker.py-136] INFO: count check successfully
2024-01-11 12:00:09,496 [run_or_mx.py-169] INFO:  check rule is : Default
2024-01-11 12:00:09,627 [run_or_mx.py-563] INFO: S:pg,T:pg
2024-01-11 12:00:09,861 [checker.py-383] INFO: different columns between Source and Target are: None
2024-01-11 12:00:09,970 [checker.py-338] INFO: value check sucessfully
2024-01-11 12:00:10,092 [checker.py-115] INFO: |total_count   check|source:200 target:200
2024-01-11 12:00:10,137 [checker.py-136] INFO: count check successfully
2024-01-11 15:26:31,867 [run_or_mx.py-169] INFO:  check rule is : Default
2024-01-11 15:52:45,600 [run_or_mx.py-168] INFO:  check rule is : Default
2024-01-11 15:54:38,581 [run_or_mx.py-168] INFO:  check rule is : Default
2024-01-11 15:55:29,002 [run_or_mx.py-168] INFO:  check rule is : Default
2024-01-11 15:56:25,200 [run_or_mx.py-168] INFO:  check rule is : Default
2024-01-11 15:57:10,950 [run_or_mx.py-77] INFO:  check rule is : Default
2024-01-11 15:57:11,108 [run_or_mx.py-471] INFO: S:pg,T:pg
2024-01-11 15:57:11,347 [checker.py-383] INFO: different columns between Source and Target are: None
2024-01-11 15:57:11,454 [checker.py-338] INFO: value check sucessfully
2024-01-11 15:57:11,576 [checker.py-115] INFO: |total_count   check|source:200 target:200
2024-01-11 15:57:11,623 [checker.py-136] INFO: count check successfully
2024-01-11 15:57:38,948 [run_or_mx.py-77] INFO:  check rule is : Default
2024-01-11 15:57:39,109 [run_or_mx.py-471] INFO: S:pg,T:pg
2024-01-11 15:57:39,359 [checker.py-383] INFO: different columns between Source and Target are: None
2024-01-11 15:57:39,469 [checker.py-338] INFO: value check sucessfully
2024-01-11 15:57:39,595 [checker.py-115] INFO: |total_count   check|source:200 target:200
2024-01-11 15:57:39,643 [checker.py-136] INFO: count check successfully
2024-01-11 16:04:37,318 [run_or_mx.py-168] INFO:  check rule is : Default
2024-01-11 16:04:37,470 [run_or_mx.py-582] INFO: S:pg,T:pg
2024-01-11 16:05:16,185 [run_or_mx.py-168] INFO:  check rule is : Default
2024-01-11 16:05:16,348 [run_or_mx.py-582] INFO: S:pg,T:pg
2024-01-11 16:06:32,995 [run_or_mx.py-77] INFO:  check rule is : Default
2024-01-11 16:06:33,141 [run_or_mx.py-471] INFO: S:pg,T:pg
2024-01-11 16:06:33,388 [checker.py-383] INFO: different columns between Source and Target are: None
2024-01-11 16:06:33,500 [checker.py-338] INFO: value check sucessfully
2024-01-11 16:06:33,624 [checker.py-115] INFO: |total_count   check|source:200 target:200
2024-01-11 16:06:33,671 [checker.py-136] INFO: count check successfully
2024-01-11 16:08:08,740 [run_or_mx.py-168] INFO:  check rule is : Default
2024-01-11 16:08:08,885 [run_or_mx.py-582] INFO: S:pg,T:pg
2024-01-11 16:10:23,451 [run_or_mx.py-168] INFO:  check rule is : Default
2024-01-11 16:11:00,255 [run_or_mx.py-168] INFO:  check rule is : Default
2024-01-11 16:11:27,345 [run_or_mx.py-168] INFO:  check rule is : Default
2024-01-11 16:11:27,499 [run_or_mx.py-582] INFO: S:pg,T:pg
2024-01-11 16:14:33,096 [run_or_mx.py-169] INFO:  check rule is : Default
2024-01-11 16:14:33,253 [run_or_mx.py-569] INFO: S:pg,T:pg
2024-01-11 16:14:33,466 [checker.py-383] INFO: different columns between Source and Target are: None
2024-01-11 16:14:33,565 [checker.py-338] INFO: value check sucessfully
2024-01-11 16:14:33,680 [checker.py-115] INFO: |total_count   check|source:200 target:200
2024-01-11 16:14:33,726 [checker.py-136] INFO: count check successfully
2024-01-11 16:15:41,035 [run_or_mx.py-168] INFO:  check rule is : Default
2024-01-11 16:15:41,187 [run_or_mx.py-568] INFO: S:pg,T:pg
2024-01-11 16:15:41,397 [checker.py-383] INFO: different columns between Source and Target are: None
2024-01-11 16:15:41,531 [checker.py-338] INFO: value check sucessfully
2024-01-11 16:15:41,646 [checker.py-115] INFO: |total_count   check|source:200 target:200
2024-01-11 16:15:41,692 [checker.py-136] INFO: count check successfully
2024-01-11 16:15:57,136 [run_or_mx.py-168] INFO:  check rule is : Default
2024-01-11 16:15:57,289 [run_or_mx.py-568] INFO: S:pg,T:pg
2024-01-11 16:15:57,531 [checker.py-383] INFO: different columns between Source and Target are: None
2024-01-11 16:15:57,682 [checker.py-338] INFO: value check sucessfully
2024-01-11 16:15:57,806 [checker.py-115] INFO: |total_count   check|source:200 target:200
2024-01-11 16:15:57,851 [checker.py-136] INFO: count check successfully
2024-01-11 16:16:51,497 [run_or_mx.py-168] INFO:  check rule is : Default
2024-01-11 16:16:51,633 [run_or_mx.py-568] INFO: S:pg,T:pg
2024-01-11 16:16:51,882 [checker.py-383] INFO: different columns between Source and Target are: None
2024-01-11 16:16:52,041 [checker.py-338] INFO: value check sucessfully
2024-01-11 16:16:52,163 [checker.py-115] INFO: |total_count   check|source:200 target:200
2024-01-11 16:16:52,209 [checker.py-136] INFO: count check successfully
2024-01-11 16:18:21,396 [run_or_mx.py-170] INFO:  check rule is : Default
2024-01-11 16:18:21,538 [run_or_mx.py-570] INFO: S:pg,T:pg
2024-01-11 16:18:21,758 [checker.py-383] INFO: different columns between Source and Target are: None
2024-01-11 16:18:21,901 [checker.py-338] INFO: value check sucessfully
2024-01-11 16:18:22,025 [checker.py-115] INFO: |total_count   check|source:200 target:200
2024-01-11 16:18:22,073 [checker.py-136] INFO: count check successfully
2024-01-11 16:19:34,615 [run_or_mx.py-170] INFO:  check rule is : Default
2024-01-11 16:20:09,382 [run_or_mx.py-169] INFO:  check rule is : Default
2024-01-11 16:20:09,530 [run_or_mx.py-569] INFO: S:pg,T:pg
2024-01-11 16:20:09,775 [checker.py-383] INFO: different columns between Source and Target are: None
2024-01-11 16:20:09,929 [checker.py-338] INFO: value check sucessfully
2024-01-11 16:20:10,052 [checker.py-115] INFO: |total_count   check|source:200 target:200
2024-01-11 16:20:10,098 [checker.py-136] INFO: count check successfully
2024-01-11 16:20:10,108 [run_or_mx.py-569] INFO: S:pg,T:pg
2024-01-11 16:20:10,348 [checker.py-383] INFO: different columns between Source and Target are: None
2024-01-11 16:20:10,500 [checker.py-338] INFO: value check sucessfully
2024-01-11 16:20:10,660 [checker.py-115] INFO: |total_count   check|source:200 target:200
2024-01-11 16:20:10,707 [checker.py-136] INFO: count check successfully
2024-01-11 16:20:57,831 [run_or_mx.py-169] INFO:  check rule is : Default
2024-01-11 16:20:57,976 [run_or_mx.py-569] INFO: S:pg,T:pg
2024-01-11 16:20:58,214 [checker.py-383] INFO: different columns between Source and Target are: None
2024-01-11 16:20:58,359 [checker.py-338] INFO: value check sucessfully
2024-01-11 16:20:58,477 [checker.py-115] INFO: |total_count   check|source:200 target:200
2024-01-11 16:20:58,522 [checker.py-136] INFO: count check successfully
2024-01-11 16:20:58,532 [run_or_mx.py-569] INFO: S:pg,T:pg
2024-01-11 16:20:58,764 [checker.py-383] INFO: different columns between Source and Target are: None
2024-01-11 16:20:58,908 [checker.py-338] INFO: value check sucessfully
2024-01-11 16:20:59,067 [checker.py-115] INFO: |total_count   check|source:200 target:200
2024-01-11 16:20:59,114 [checker.py-136] INFO: count check successfully
2024-01-11 16:20:59,123 [run_or_mx.py-569] INFO: S:pg,T:pg
2024-01-11 16:20:59,332 [checker.py-383] INFO: different columns between Source and Target are: None
2024-01-11 16:20:59,466 [checker.py-338] INFO: value check sucessfully
2024-01-11 16:20:59,585 [checker.py-115] INFO: |total_count   check|source:200 target:200
2024-01-11 16:20:59,639 [checker.py-136] INFO: count check successfully
2024-01-11 16:22:10,766 [run_or_mx.py-169] INFO:  check rule is : Default
2024-01-11 16:22:10,905 [run_or_mx.py-569] INFO: S:pg,T:pg
2024-01-11 16:22:11,141 [checker.py-383] INFO: different columns between Source and Target are: None
2024-01-11 16:22:11,303 [checker.py-338] INFO: value check sucessfully
2024-01-11 16:22:11,425 [checker.py-115] INFO: |total_count   check|source:200 target:200
2024-01-11 16:22:11,470 [checker.py-136] INFO: count check successfully
2024-01-11 16:22:11,480 [run_or_mx.py-569] INFO: S:pg,T:pg
2024-01-11 16:22:11,714 [checker.py-383] INFO: different columns between Source and Target are: None
2024-01-11 16:22:11,865 [checker.py-338] INFO: value check sucessfully
2024-01-11 16:22:12,094 [checker.py-115] INFO: |total_count   check|source:200 target:200
2024-01-11 16:22:12,147 [checker.py-136] INFO: count check successfully
2024-01-11 16:22:12,158 [run_or_mx.py-569] INFO: S:pg,T:pg
2024-01-11 16:22:12,401 [checker.py-383] INFO: different columns between Source and Target are: None
2024-01-11 16:22:12,539 [checker.py-338] INFO: value check sucessfully
2024-01-11 16:22:12,663 [checker.py-115] INFO: |total_count   check|source:200 target:200
2024-01-11 16:22:12,718 [checker.py-136] INFO: count check successfully
2024-01-11 16:23:10,147 [run_or_mx.py-169] INFO:  check rule is : Default
2024-01-11 16:23:10,290 [run_or_mx.py-569] INFO: S:pg,T:pg
2024-01-11 16:23:10,523 [checker.py-383] INFO: different columns between Source and Target are: None
2024-01-11 16:23:10,672 [checker.py-338] INFO: value check sucessfully
2024-01-11 16:23:10,801 [checker.py-115] INFO: |total_count   check|source:200 target:200
2024-01-11 16:23:10,899 [checker.py-136] INFO: count check successfully
2024-01-11 16:23:10,911 [run_or_mx.py-569] INFO: S:pg,T:pg
2024-01-11 16:23:11,123 [checker.py-383] INFO: different columns between Source and Target are: None
2024-01-11 16:23:11,258 [checker.py-338] INFO: value check sucessfully
2024-01-11 16:23:11,416 [checker.py-115] INFO: |total_count   check|source:200 target:200
2024-01-11 16:23:11,463 [checker.py-136] INFO: count check successfully
2024-01-11 16:23:11,473 [run_or_mx.py-569] INFO: S:pg,T:pg
2024-01-11 16:23:11,707 [checker.py-383] INFO: different columns between Source and Target are: None
2024-01-11 16:23:11,858 [checker.py-338] INFO: value check sucessfully
2024-01-11 16:23:11,978 [checker.py-115] INFO: |total_count   check|source:200 target:200
2024-01-11 16:23:12,152 [checker.py-136] INFO: count check successfully
2024-01-11 16:23:28,944 [run_or_mx.py-169] INFO:  check rule is : Default
2024-01-11 16:23:29,094 [run_or_mx.py-569] INFO: S:pg,T:pg
2024-01-11 16:23:29,327 [checker.py-383] INFO: different columns between Source and Target are: None
2024-01-11 16:23:29,469 [checker.py-338] INFO: value check sucessfully
2024-01-11 16:23:29,595 [checker.py-115] INFO: |total_count   check|source:200 target:200
2024-01-11 16:23:29,640 [checker.py-136] INFO: count check successfully
2024-01-11 16:23:29,649 [run_or_mx.py-569] INFO: S:pg,T:pg
2024-01-11 16:23:29,886 [checker.py-383] INFO: different columns between Source and Target are: None
2024-01-11 16:23:30,036 [checker.py-338] INFO: value check sucessfully
2024-01-11 16:23:30,193 [checker.py-115] INFO: |total_count   check|source:200 target:200
2024-01-11 16:23:30,239 [checker.py-136] INFO: count check successfully
2024-01-11 16:23:30,249 [run_or_mx.py-569] INFO: S:pg,T:pg
2024-01-11 16:23:30,491 [checker.py-383] INFO: different columns between Source and Target are: None
2024-01-11 16:23:30,645 [checker.py-338] INFO: value check sucessfully
2024-01-11 16:23:30,768 [checker.py-115] INFO: |total_count   check|source:200 target:200
2024-01-11 16:23:30,816 [checker.py-136] INFO: count check successfully
2024-01-12 07:15:44,287 [run_or_mx.py-169] INFO:  check rule is : Default
2024-01-12 07:15:44,454 [run_or_mx.py-569] INFO: S:pg,T:pg
2024-01-12 07:15:44,661 [checker.py-383] INFO: different columns between Source and Target are: None
2024-01-12 07:15:44,767 [checker.py-338] INFO: value check sucessfully
2024-01-12 07:15:44,884 [checker.py-115] INFO: |total_count   check|source:200 target:200
2024-01-12 07:15:44,929 [checker.py-136] INFO: count check successfully
2024-01-12 07:15:44,939 [run_or_mx.py-569] INFO: S:pg,T:pg
2024-01-12 07:15:45,161 [checker.py-383] INFO: different columns between Source and Target are: None
2024-01-12 07:15:45,263 [checker.py-338] INFO: value check sucessfully
2024-01-12 07:15:45,419 [checker.py-115] INFO: |total_count   check|source:200 target:200
2024-01-12 07:15:45,465 [checker.py-136] INFO: count check successfully
2024-01-12 07:20:30,839 [run_or_mx.py-169] INFO:  check rule is : Default
2024-01-12 07:20:31,000 [run_or_mx.py-569] INFO: S:pg,T:pg
2024-01-12 07:20:31,231 [checker.py-383] INFO: different columns between Source and Target are: None
2024-01-12 07:20:31,347 [checker.py-338] INFO: value check sucessfully
2024-01-12 07:20:31,464 [checker.py-115] INFO: |total_count   check|source:200 target:200
2024-01-12 07:20:31,509 [checker.py-136] INFO: count check successfully
2024-01-12 07:20:31,519 [run_or_mx.py-569] INFO: S:pg,T:pg
2024-01-12 07:20:31,777 [checker.py-383] INFO: different columns between Source and Target are: None
2024-01-12 07:20:31,893 [checker.py-338] INFO: value check sucessfully
2024-01-12 07:20:32,055 [checker.py-115] INFO: |total_count   check|source:200 target:200
2024-01-12 07:20:32,100 [checker.py-136] INFO: count check successfully
2024-01-12 07:26:59,701 [run_or_mx.py-169] INFO:  check rule is : Default
2024-01-12 07:26:59,861 [run_or_mx.py-569] INFO: S:pg,T:pg
2024-01-12 07:27:00,108 [checker.py-383] INFO: different columns between Source and Target are: None
2024-01-12 07:27:00,223 [checker.py-338] INFO: value check sucessfully
2024-01-12 07:27:00,340 [checker.py-115] INFO: |total_count   check|source:200 target:200
2024-01-12 07:27:00,385 [checker.py-136] INFO: count check successfully
2024-01-12 07:27:00,394 [run_or_mx.py-569] INFO: S:pg,T:pg
2024-01-12 07:27:00,619 [checker.py-383] INFO: different columns between Source and Target are: None
2024-01-12 07:27:00,721 [checker.py-338] INFO: value check sucessfully
2024-01-12 07:27:00,880 [checker.py-115] INFO: |total_count   check|source:200 target:200
2024-01-12 07:27:00,925 [checker.py-136] INFO: count check successfully
2024-01-12 07:38:52,932 [run_or_mx.py-169] INFO:  check rule is : Default
2024-01-12 07:38:53,073 [run_or_mx.py-569] INFO: S:pg,T:pg
2024-01-12 07:38:53,328 [checker.py-383] INFO: different columns between Source and Target are: None
2024-01-12 07:38:53,451 [checker.py-338] INFO: value check sucessfully
2024-01-12 07:38:53,571 [checker.py-115] INFO: |total_count   check|source:200 target:200
2024-01-12 07:38:53,616 [checker.py-136] INFO: count check successfully
2024-01-12 07:38:53,626 [run_or_mx.py-569] INFO: S:pg,T:pg
2024-01-12 07:38:53,831 [checker.py-383] INFO: different columns between Source and Target are: None
2024-01-12 07:38:53,926 [checker.py-338] INFO: value check sucessfully
2024-01-12 07:38:54,083 [checker.py-115] INFO: |total_count   check|source:200 target:200
2024-01-12 07:38:54,129 [checker.py-136] INFO: count check successfully
2024-01-12 07:39:39,861 [run_or_mx.py-169] INFO:  check rule is : Default
2024-01-12 07:39:40,023 [run_or_mx.py-569] INFO: S:pg,T:pg
2024-01-12 07:39:40,239 [checker.py-383] INFO: different columns between Source and Target are: None
2024-01-12 07:39:40,344 [checker.py-338] INFO: value check sucessfully
2024-01-12 07:39:40,458 [checker.py-115] INFO: |total_count   check|source:200 target:200
2024-01-12 07:39:40,502 [checker.py-136] INFO: count check successfully
2024-01-12 07:39:40,512 [run_or_mx.py-569] INFO: S:pg,T:pg
2024-01-12 07:39:40,755 [checker.py-383] INFO: different columns between Source and Target are: None
2024-01-12 07:39:40,866 [checker.py-338] INFO: value check sucessfully
2024-01-12 07:39:41,036 [checker.py-115] INFO: |total_count   check|source:200 target:200
2024-01-12 07:39:41,084 [checker.py-136] INFO: count check successfully
2024-01-12 07:51:46,840 [run_or_mx.py-169] INFO:  check rule is : Default
2024-01-12 07:51:46,981 [run_or_mx.py-572] INFO: S:pg,T:pg
2024-01-12 07:51:47,229 [checker.py-383] INFO: different columns between Source and Target are: None
2024-01-12 07:51:47,356 [checker.py-338] INFO: value check sucessfully
2024-01-12 07:51:47,473 [checker.py-115] INFO: |total_count   check|source:200 target:200
2024-01-12 07:51:47,517 [checker.py-136] INFO: count check successfully
2024-01-12 07:51:47,526 [run_or_mx.py-572] INFO: S:pg,T:pg
2024-01-12 07:51:47,741 [checker.py-383] INFO: different columns between Source and Target are: None
2024-01-12 07:51:47,839 [checker.py-338] INFO: value check sucessfully
2024-01-12 07:51:48,007 [checker.py-115] INFO: |total_count   check|source:200 target:200
2024-01-12 07:51:48,053 [checker.py-136] INFO: count check successfully
2024-01-12 07:57:33,508 [run_or_mx.py-169] INFO:  check rule is : Default
2024-01-12 07:57:33,678 [run_or_mx.py-572] INFO: S:pg,T:pg
2024-01-12 07:57:33,885 [checker.py-383] INFO: different columns between Source and Target are: None
2024-01-12 07:57:33,995 [checker.py-338] INFO: value check sucessfully
2024-01-12 07:57:34,110 [checker.py-115] INFO: |total_count   check|source:200 target:200
2024-01-12 07:57:34,155 [checker.py-136] INFO: count check successfully
2024-01-12 07:57:34,164 [run_or_mx.py-572] INFO: S:pg,T:pg
2024-01-12 07:57:34,388 [checker.py-383] INFO: different columns between Source and Target are: None
2024-01-12 07:57:34,489 [checker.py-338] INFO: value check sucessfully
2024-01-12 07:57:34,650 [checker.py-115] INFO: |total_count   check|source:200 target:200
2024-01-12 07:57:34,695 [checker.py-136] INFO: count check successfully
2024-01-12 07:59:46,500 [run_or_mx.py-169] INFO:  check rule is : Default
2024-01-12 07:59:46,652 [run_or_mx.py-578] INFO: S:pg,T:pg
2024-01-12 07:59:46,888 [checker.py-383] INFO: different columns between Source and Target are: None
2024-01-12 07:59:47,004 [checker.py-338] INFO: value check sucessfully
2024-01-12 07:59:47,120 [checker.py-115] INFO: |total_count   check|source:200 target:200
2024-01-12 07:59:47,165 [checker.py-136] INFO: count check successfully
2024-01-12 07:59:47,174 [run_or_mx.py-578] INFO: S:pg,T:pg
2024-01-12 07:59:47,390 [checker.py-383] INFO: different columns between Source and Target are: None
2024-01-12 07:59:47,489 [checker.py-338] INFO: value check sucessfully
2024-01-12 07:59:47,644 [checker.py-115] INFO: |total_count   check|source:200 target:200
2024-01-12 07:59:47,690 [checker.py-136] INFO: count check successfully
2024-01-12 08:02:09,184 [run_or_mx.py-169] INFO:  check rule is : Default
2024-01-12 08:02:09,355 [run_or_mx.py-578] INFO: S:pg,T:pg
2024-01-12 08:02:09,590 [checker.py-383] INFO: different columns between Source and Target are: None
2024-01-12 08:02:09,705 [checker.py-338] INFO: value check sucessfully
2024-01-12 08:02:09,821 [checker.py-115] INFO: |total_count   check|source:200 target:200
2024-01-12 08:02:09,865 [checker.py-136] INFO: count check successfully
2024-01-12 08:02:09,874 [run_or_mx.py-578] INFO: S:pg,T:pg
2024-01-12 08:02:10,071 [checker.py-383] INFO: different columns between Source and Target are: None
2024-01-12 08:02:10,163 [checker.py-338] INFO: value check sucessfully
2024-01-12 08:02:10,318 [checker.py-115] INFO: |total_count   check|source:200 target:200
2024-01-12 08:02:10,363 [checker.py-136] INFO: count check successfully
2024-01-12 08:02:10,372 [run_or_mx.py-578] INFO: S:pg,T:pg
2024-01-12 08:02:10,603 [checker.py-383] INFO: different columns between Source and Target are: None
2024-01-12 08:02:10,708 [checker.py-338] INFO: value check sucessfully
2024-01-12 08:02:10,831 [checker.py-115] INFO: |total_count   check|source:200 target:200
2024-01-12 08:02:10,878 [checker.py-136] INFO: count check successfully
2024-01-12 08:03:05,341 [run_or_mx.py-169] INFO:  check rule is : Default
2024-01-12 08:03:05,504 [run_or_mx.py-578] INFO: S:pg,T:pg
2024-01-12 08:03:05,745 [checker.py-383] INFO: different columns between Source and Target are: None
2024-01-12 08:03:05,883 [checker.py-338] INFO: value check sucessfully
2024-01-12 08:03:06,010 [checker.py-115] INFO: |total_count   check|source:200 target:200
2024-01-12 08:03:06,057 [checker.py-136] INFO: count check successfully
2024-01-12 08:03:06,067 [run_or_mx.py-578] INFO: S:pg,T:pg
2024-01-12 08:03:06,326 [checker.py-383] INFO: different columns between Source and Target are: None
2024-01-12 08:03:06,441 [checker.py-338] INFO: value check sucessfully
2024-01-12 08:03:06,608 [checker.py-115] INFO: |total_count   check|source:200 target:200
2024-01-12 08:03:06,653 [checker.py-136] INFO: count check successfully
2024-01-12 08:03:06,662 [run_or_mx.py-578] INFO: S:pg,T:pg
2024-01-12 08:03:06,899 [checker.py-383] INFO: different columns between Source and Target are: None
2024-01-12 08:09:54,895 [run_or_mx.py-168] INFO:  check rule is : Default
2024-01-12 08:09:55,033 [run_or_mx.py-577] INFO: S:pg,T:pg
2024-01-12 08:09:55,243 [checker.py-383] INFO: different columns between Source and Target are: None
2024-01-12 08:09:55,341 [checker.py-338] INFO: value check sucessfully
2024-01-12 08:09:55,466 [checker.py-115] INFO: |total_count   check|source:200 target:200
2024-01-12 08:09:55,510 [checker.py-136] INFO: count check successfully
2024-01-12 08:09:55,520 [run_or_mx.py-577] INFO: S:pg,T:pg
2024-01-12 08:09:55,737 [checker.py-383] INFO: different columns between Source and Target are: None
2024-01-12 08:09:55,837 [checker.py-338] INFO: value check sucessfully
2024-01-12 08:09:55,989 [checker.py-115] INFO: |total_count   check|source:200 target:200
2024-01-12 08:09:56,035 [checker.py-136] INFO: count check successfully
2024-01-12 08:09:56,044 [run_or_mx.py-577] INFO: S:pg,T:pg
2024-01-12 08:09:56,257 [checker.py-383] INFO: different columns between Source and Target are: None
2024-01-12 08:10:30,133 [run_or_mx.py-168] INFO:  check rule is : Default
2024-01-12 08:10:30,282 [run_or_mx.py-577] INFO: S:pg,T:pg
2024-01-12 08:10:30,511 [checker.py-383] INFO: different columns between Source and Target are: None
2024-01-12 08:10:30,618 [checker.py-338] INFO: value check sucessfully
2024-01-12 08:10:30,732 [checker.py-115] INFO: |total_count   check|source:200 target:200
2024-01-12 08:10:30,776 [checker.py-136] INFO: count check successfully
2024-01-12 08:10:30,785 [run_or_mx.py-577] INFO: S:pg,T:pg
2024-01-12 08:10:30,995 [checker.py-383] INFO: different columns between Source and Target are: None
2024-01-12 08:10:31,091 [checker.py-338] INFO: value check sucessfully
2024-01-12 08:10:31,247 [checker.py-115] INFO: |total_count   check|source:200 target:200
2024-01-12 08:10:31,292 [checker.py-136] INFO: count check successfully
2024-01-12 08:10:31,302 [run_or_mx.py-577] INFO: S:pg,T:pg
2024-01-12 08:10:31,507 [checker.py-383] INFO: different columns between Source and Target are: None
2024-01-12 08:12:03,911 [run_or_mx.py-168] INFO:  check rule is : Default
2024-01-12 08:12:04,069 [run_or_mx.py-577] INFO: S:pg,T:pg
2024-01-12 08:12:04,450 [checker.py-383] INFO: different columns between Source and Target are: None
2024-01-12 08:12:04,560 [checker.py-338] INFO: value check sucessfully
2024-01-12 08:12:04,676 [checker.py-115] INFO: |total_count   check|source:200 target:200
2024-01-12 08:12:04,721 [checker.py-136] INFO: count check successfully
2024-01-12 08:12:04,730 [run_or_mx.py-577] INFO: S:pg,T:pg
2024-01-12 08:12:04,957 [checker.py-383] INFO: different columns between Source and Target are: None
2024-01-12 08:12:05,062 [checker.py-338] INFO: value check sucessfully
2024-01-12 08:12:05,222 [checker.py-115] INFO: |total_count   check|source:200 target:200
2024-01-12 08:12:05,268 [checker.py-136] INFO: count check successfully
2024-01-12 08:12:05,277 [run_or_mx.py-577] INFO: S:pg,T:pg
2024-01-12 08:12:05,512 [checker.py-383] INFO: different columns between Source and Target are: None
2024-01-12 08:16:56,523 [run_or_mx.py-168] INFO:  check rule is : Default
2024-01-12 08:16:56,687 [run_or_mx.py-577] INFO: S:pg,T:pg
2024-01-12 08:16:56,944 [checker.py-383] INFO: different columns between Source and Target are: None
2024-01-12 08:16:57,074 [checker.py-338] INFO: value check sucessfully
2024-01-12 08:16:57,194 [checker.py-115] INFO: |total_count   check|source:200 target:200
2024-01-12 08:16:57,238 [checker.py-136] INFO: count check successfully
2024-01-12 08:16:57,247 [run_or_mx.py-577] INFO: S:pg,T:pg
2024-01-12 08:16:57,476 [checker.py-383] INFO: different columns between Source and Target are: None
2024-01-12 08:16:57,582 [checker.py-338] INFO: value check sucessfully
2024-01-12 08:16:57,740 [checker.py-115] INFO: |total_count   check|source:200 target:200
2024-01-12 08:16:57,785 [checker.py-136] INFO: count check successfully
2024-01-12 08:16:57,795 [run_or_mx.py-577] INFO: S:pg,T:pg
2024-01-12 08:16:57,999 [checker.py-383] INFO: different columns between Source and Target are: None
2024-01-12 08:18:36,093 [run_or_mx.py-168] INFO:  check rule is : Default
2024-01-12 08:18:36,250 [run_or_mx.py-577] INFO: S:pg,T:pg
2024-01-12 08:18:36,480 [checker.py-383] INFO: different columns between Source and Target are: None
2024-01-12 08:18:36,587 [checker.py-338] INFO: value check sucessfully
2024-01-12 08:18:36,704 [checker.py-115] INFO: |total_count   check|source:200 target:200
2024-01-12 08:18:36,748 [checker.py-136] INFO: count check successfully
2024-01-12 08:18:36,758 [run_or_mx.py-577] INFO: S:pg,T:pg
2024-01-12 08:18:36,948 [checker.py-383] INFO: different columns between Source and Target are: None
2024-01-12 08:18:37,038 [checker.py-338] INFO: value check sucessfully
2024-01-12 08:18:37,200 [checker.py-115] INFO: |total_count   check|source:200 target:200
2024-01-12 08:18:37,245 [checker.py-136] INFO: count check successfully
2024-01-12 08:18:37,255 [run_or_mx.py-577] INFO: S:pg,T:pg
2024-01-12 08:18:37,489 [checker.py-383] INFO: different columns between Source and Target are: None
2024-01-12 08:21:06,785 [run_or_mx.py-168] INFO:  check rule is : Default
2024-01-12 08:21:06,939 [run_or_mx.py-577] INFO: S:pg,T:pg
2024-01-12 08:21:07,148 [checker.py-383] INFO: different columns between Source and Target are: None
2024-01-12 08:21:07,244 [checker.py-338] INFO: value check sucessfully
2024-01-12 08:21:07,365 [checker.py-115] INFO: |total_count   check|source:200 target:200
2024-01-12 08:21:07,410 [checker.py-136] INFO: count check successfully
2024-01-12 08:21:07,419 [run_or_mx.py-577] INFO: S:pg,T:pg
2024-01-12 08:21:07,674 [checker.py-383] INFO: different columns between Source and Target are: None
2024-01-12 08:21:07,788 [checker.py-338] INFO: value check sucessfully
2024-01-12 08:21:07,955 [checker.py-115] INFO: |total_count   check|source:200 target:200
2024-01-12 08:21:08,001 [checker.py-136] INFO: count check successfully
2024-01-12 08:21:08,011 [run_or_mx.py-577] INFO: S:pg,T:pg
2024-01-12 08:21:08,238 [checker.py-383] INFO: different columns between Source and Target are: None
2024-01-12 08:25:36,682 [run_or_mx.py-168] INFO:  check rule is : Default
2024-01-12 08:25:36,835 [run_or_mx.py-577] INFO: S:pg,T:pg
2024-01-12 08:25:37,071 [checker.py-383] INFO: different columns between Source and Target are: None
2024-01-12 08:25:37,179 [checker.py-338] INFO: value check sucessfully
2024-01-12 08:25:37,309 [checker.py-115] INFO: |total_count   check|source:200 target:200
2024-01-12 08:25:37,357 [checker.py-136] INFO: count check successfully
2024-01-12 08:25:37,367 [run_or_mx.py-577] INFO: S:pg,T:pg
2024-01-12 08:25:37,588 [checker.py-383] INFO: different columns between Source and Target are: None
2024-01-12 08:25:37,687 [checker.py-338] INFO: value check sucessfully
2024-01-12 08:25:37,849 [checker.py-115] INFO: |total_count   check|source:200 target:200
2024-01-12 08:25:37,898 [checker.py-136] INFO: count check successfully
2024-01-12 08:25:37,910 [run_or_mx.py-577] INFO: S:pg,T:pg
2024-01-12 08:25:38,140 [checker.py-383] INFO: different columns between Source and Target are: None
2024-01-12 08:27:01,797 [run_or_mx.py-168] INFO:  check rule is : Default
2024-01-12 08:27:01,941 [run_or_mx.py-577] INFO: S:pg,T:pg
2024-01-12 08:27:02,177 [checker.py-383] INFO: different columns between Source and Target are: None
2024-01-12 08:27:02,287 [checker.py-338] INFO: value check sucessfully
2024-01-12 08:27:02,404 [checker.py-115] INFO: |total_count   check|source:200 target:200
2024-01-12 08:27:02,449 [checker.py-136] INFO: count check successfully
2024-01-12 08:27:02,458 [run_or_mx.py-577] INFO: S:pg,T:pg
2024-01-12 08:27:02,688 [checker.py-383] INFO: different columns between Source and Target are: None
2024-01-12 08:27:02,792 [checker.py-338] INFO: value check sucessfully
2024-01-12 08:27:02,954 [checker.py-115] INFO: |total_count   check|source:200 target:200
2024-01-12 08:27:03,000 [checker.py-136] INFO: count check successfully
2024-01-12 08:27:03,012 [run_or_mx.py-577] INFO: S:pg,T:pg
2024-01-12 08:27:03,250 [checker.py-383] INFO: different columns between Source and Target are: None
2024-01-12 08:28:45,576 [run_or_mx.py-168] INFO:  check rule is : Default
2024-01-12 08:28:45,719 [run_or_mx.py-577] INFO: S:pg,T:pg
2024-01-12 08:28:45,938 [checker.py-383] INFO: different columns between Source and Target are: None
2024-01-12 08:28:46,040 [checker.py-338] INFO: value check sucessfully
2024-01-12 08:28:46,154 [checker.py-115] INFO: |total_count   check|source:200 target:200
2024-01-12 08:28:46,199 [checker.py-136] INFO: count check successfully
2024-01-12 08:28:46,208 [run_or_mx.py-577] INFO: S:pg,T:pg
2024-01-12 08:28:46,437 [checker.py-383] INFO: different columns between Source and Target are: None
2024-01-12 08:28:46,539 [checker.py-338] INFO: value check sucessfully
2024-01-12 08:28:46,701 [checker.py-115] INFO: |total_count   check|source:200 target:200
2024-01-12 08:28:46,755 [checker.py-136] INFO: count check successfully
2024-01-12 08:28:46,771 [run_or_mx.py-577] INFO: S:pg,T:pg
2024-01-12 08:28:46,997 [checker.py-383] INFO: different columns between Source and Target are: None
2024-01-12 08:29:40,549 [run_or_mx.py-168] INFO:  check rule is : Default
2024-01-12 08:29:40,701 [run_or_mx.py-577] INFO: S:pg,T:pg
2024-01-12 08:29:40,966 [checker.py-383] INFO: different columns between Source and Target are: None
2024-01-12 08:29:41,085 [checker.py-338] INFO: value check sucessfully
2024-01-12 08:29:41,215 [checker.py-115] INFO: |total_count   check|source:200 target:200
2024-01-12 08:29:41,260 [checker.py-136] INFO: count check successfully
2024-01-12 08:29:41,269 [run_or_mx.py-577] INFO: S:pg,T:pg
2024-01-12 08:29:41,477 [checker.py-383] INFO: different columns between Source and Target are: None
2024-01-12 08:29:41,571 [checker.py-338] INFO: value check sucessfully
2024-01-12 08:29:41,729 [checker.py-115] INFO: |total_count   check|source:200 target:200
2024-01-12 08:29:41,775 [checker.py-136] INFO: count check successfully
2024-01-12 08:29:41,785 [run_or_mx.py-577] INFO: S:pg,T:pg
2024-01-12 08:29:42,032 [checker.py-383] INFO: different columns between Source and Target are: None
2024-01-12 08:31:54,025 [run_or_mx.py-168] INFO:  check rule is : Default
2024-01-12 08:31:54,180 [run_or_mx.py-577] INFO: S:pg,T:pg
2024-01-12 08:31:54,381 [checker.py-383] INFO: different columns between Source and Target are: None
2024-01-12 08:31:54,488 [checker.py-338] INFO: value check sucessfully
2024-01-12 08:31:54,602 [checker.py-115] INFO: |total_count   check|source:200 target:200
2024-01-12 08:31:54,650 [checker.py-136] INFO: count check successfully
2024-01-12 08:31:54,660 [run_or_mx.py-577] INFO: S:pg,T:pg
2024-01-12 08:31:54,886 [checker.py-383] INFO: different columns between Source and Target are: None
2024-01-12 08:31:54,991 [checker.py-338] INFO: value check sucessfully
2024-01-12 08:31:55,155 [checker.py-115] INFO: |total_count   check|source:200 target:200
2024-01-12 08:31:55,202 [checker.py-136] INFO: count check successfully
2024-01-12 08:31:55,212 [run_or_mx.py-577] INFO: S:pg,T:pg
2024-01-12 08:31:55,437 [checker.py-383] INFO: different columns between Source and Target are: None
2024-01-12 08:32:22,585 [run_or_mx.py-168] INFO:  check rule is : Default
2024-01-12 08:32:22,736 [run_or_mx.py-577] INFO: S:pg,T:pg
2024-01-12 08:32:22,959 [checker.py-383] INFO: different columns between Source and Target are: None
2024-01-12 08:32:23,072 [checker.py-338] INFO: value check sucessfully
2024-01-12 08:32:23,184 [checker.py-115] INFO: |total_count   check|source:200 target:200
2024-01-12 08:32:23,229 [checker.py-136] INFO: count check successfully
2024-01-12 08:32:23,238 [run_or_mx.py-577] INFO: S:pg,T:pg
2024-01-12 08:32:23,439 [checker.py-383] INFO: different columns between Source and Target are: None
2024-01-12 08:32:24,004 [checker.py-338] INFO: value check sucessfully
2024-01-12 08:32:24,155 [checker.py-115] INFO: |total_count   check|source:200 target:200
2024-01-12 08:32:24,201 [checker.py-136] INFO: count check successfully
2024-01-12 08:32:24,211 [run_or_mx.py-577] INFO: S:pg,T:pg
2024-01-12 08:32:24,431 [checker.py-383] INFO: different columns between Source and Target are: None
2024-01-12 08:34:40,455 [run_or_mx.py-167] INFO:  check rule is : Default
2024-01-12 08:34:40,586 [run_or_mx.py-576] INFO: S:pg,T:pg
2024-01-12 08:34:40,811 [checker.py-383] INFO: different columns between Source and Target are: None
2024-01-12 08:34:40,922 [checker.py-338] INFO: value check sucessfully
2024-01-12 08:34:41,037 [checker.py-115] INFO: |total_count   check|source:200 target:200
2024-01-12 08:34:41,082 [checker.py-136] INFO: count check successfully
2024-01-12 08:34:41,092 [run_or_mx.py-576] INFO: S:pg,T:pg
2024-01-12 08:34:41,325 [checker.py-383] INFO: different columns between Source and Target are: None
2024-01-12 08:34:41,432 [checker.py-338] INFO: value check sucessfully
2024-01-12 08:34:41,594 [checker.py-115] INFO: |total_count   check|source:200 target:200
2024-01-12 08:34:41,639 [checker.py-136] INFO: count check successfully
2024-01-12 08:34:41,648 [run_or_mx.py-576] INFO: S:pg,T:pg
2024-01-12 08:34:41,875 [checker.py-383] INFO: different columns between Source and Target are: None
2024-01-12 08:35:19,379 [run_or_mx.py-167] INFO:  check rule is : Default
2024-01-12 08:35:19,529 [run_or_mx.py-576] INFO: S:pg,T:pg
2024-01-12 08:35:19,770 [checker.py-383] INFO: different columns between Source and Target are: None
2024-01-12 08:35:19,906 [checker.py-338] INFO: value check sucessfully
2024-01-12 08:35:20,026 [checker.py-115] INFO: |total_count   check|source:200 target:200
2024-01-12 08:35:20,070 [checker.py-136] INFO: count check successfully
2024-01-12 08:35:20,079 [run_or_mx.py-576] INFO: S:pg,T:pg
2024-01-12 08:35:20,282 [checker.py-383] INFO: different columns between Source and Target are: None
2024-01-12 08:35:20,387 [checker.py-338] INFO: value check sucessfully
2024-01-12 08:35:20,543 [checker.py-115] INFO: |total_count   check|source:200 target:200
2024-01-12 08:35:20,588 [checker.py-136] INFO: count check successfully
2024-01-12 08:35:20,598 [run_or_mx.py-576] INFO: S:pg,T:pg
2024-01-12 08:35:20,816 [checker.py-383] INFO: different columns between Source and Target are: None
2024-01-12 08:38:32,593 [run_or_mx.py-167] INFO:  check rule is : Default
2024-01-12 08:38:32,751 [run_or_mx.py-576] INFO: S:pg,T:pg
2024-01-12 08:38:32,991 [checker.py-383] INFO: different columns between Source and Target are: None
2024-01-12 08:38:33,107 [checker.py-338] INFO: value check sucessfully
2024-01-12 08:38:33,223 [checker.py-115] INFO: |total_count   check|source:200 target:200
2024-01-12 08:38:33,268 [checker.py-136] INFO: count check successfully
2024-01-12 08:38:33,278 [run_or_mx.py-576] INFO: S:pg,T:pg
2024-01-12 08:38:33,483 [checker.py-383] INFO: different columns between Source and Target are: None
2024-01-12 08:38:33,577 [checker.py-338] INFO: value check sucessfully
2024-01-12 08:38:33,734 [checker.py-115] INFO: |total_count   check|source:200 target:200
2024-01-12 08:38:33,780 [checker.py-136] INFO: count check successfully
2024-01-12 08:38:33,791 [run_or_mx.py-576] INFO: S:pg,T:pg
2024-01-12 08:38:33,998 [checker.py-383] INFO: different columns between Source and Target are: None
2024-01-12 08:40:18,947 [run_or_mx.py-167] INFO:  check rule is : Default
2024-01-12 08:40:19,100 [run_or_mx.py-576] INFO: S:pg,T:pg
2024-01-12 08:40:19,335 [checker.py-383] INFO: different columns between Source and Target are: None
2024-01-12 08:40:19,452 [checker.py-338] INFO: value check sucessfully
2024-01-12 08:40:19,570 [checker.py-115] INFO: |total_count   check|source:200 target:200
2024-01-12 08:40:19,615 [checker.py-136] INFO: count check successfully
2024-01-12 08:40:19,624 [run_or_mx.py-576] INFO: S:pg,T:pg
2024-01-12 08:40:19,849 [checker.py-383] INFO: different columns between Source and Target are: None
2024-01-12 08:40:19,951 [checker.py-338] INFO: value check sucessfully
2024-01-12 08:40:20,108 [checker.py-115] INFO: |total_count   check|source:200 target:200
2024-01-12 08:40:20,154 [checker.py-136] INFO: count check successfully
2024-01-12 08:40:20,164 [run_or_mx.py-576] INFO: S:pg,T:pg
2024-01-12 08:40:20,375 [checker.py-383] INFO: different columns between Source and Target are: None
2024-01-12 08:40:57,175 [run_or_mx.py-167] INFO:  check rule is : Default
2024-01-12 08:40:57,299 [run_or_mx.py-576] INFO: S:pg,T:pg
2024-01-12 08:40:57,488 [checker.py-383] INFO: different columns between Source and Target are: None
2024-01-12 08:40:57,580 [checker.py-338] INFO: value check sucessfully
2024-01-12 08:40:57,687 [checker.py-115] INFO: |total_count   check|source:200 target:200
2024-01-12 08:40:57,731 [checker.py-136] INFO: count check successfully
2024-01-12 08:40:57,741 [run_or_mx.py-576] INFO: S:pg,T:pg
2024-01-12 08:40:57,963 [checker.py-383] INFO: different columns between Source and Target are: None
2024-01-12 08:40:58,074 [checker.py-338] INFO: value check sucessfully
2024-01-12 08:40:58,233 [checker.py-115] INFO: |total_count   check|source:200 target:200
2024-01-12 08:40:58,279 [checker.py-136] INFO: count check successfully
2024-01-12 08:40:58,289 [run_or_mx.py-576] INFO: S:pg,T:pg
2024-01-12 08:40:58,468 [checker.py-383] INFO: different columns between Source and Target are: None
2024-01-12 08:42:32,716 [run_or_mx.py-167] INFO:  check rule is : Default
2024-01-12 08:42:32,854 [run_or_mx.py-576] INFO: S:pg,T:pg
2024-01-12 08:42:33,100 [checker.py-383] INFO: different columns between Source and Target are: None
2024-01-12 08:42:33,218 [checker.py-338] INFO: value check sucessfully
2024-01-12 08:42:33,342 [checker.py-115] INFO: |total_count   check|source:200 target:200
2024-01-12 08:42:33,387 [checker.py-136] INFO: count check successfully
2024-01-12 08:42:33,397 [run_or_mx.py-576] INFO: S:pg,T:pg
2024-01-12 08:42:33,604 [checker.py-383] INFO: different columns between Source and Target are: None
2024-01-12 08:42:33,698 [checker.py-338] INFO: value check sucessfully
2024-01-12 08:42:33,850 [checker.py-115] INFO: |total_count   check|source:200 target:200
2024-01-12 08:42:33,895 [checker.py-136] INFO: count check successfully
2024-01-12 08:42:33,905 [run_or_mx.py-576] INFO: S:pg,T:pg
2024-01-12 08:42:34,128 [checker.py-383] INFO: different columns between Source and Target are: None
2024-01-12 08:44:10,944 [run_or_mx.py-167] INFO:  check rule is : Default
2024-01-12 08:44:11,081 [run_or_mx.py-576] INFO: S:pg,T:pg
2024-01-12 08:44:11,317 [checker.py-383] INFO: different columns between Source and Target are: None
2024-01-12 08:44:11,437 [checker.py-338] INFO: value check sucessfully
2024-01-12 08:44:11,555 [checker.py-115] INFO: |total_count   check|source:200 target:200
2024-01-12 08:44:11,600 [checker.py-136] INFO: count check successfully
2024-01-12 08:44:11,609 [run_or_mx.py-576] INFO: S:pg,T:pg
2024-01-12 08:44:11,805 [checker.py-383] INFO: different columns between Source and Target are: None
2024-01-12 08:44:11,897 [checker.py-338] INFO: value check sucessfully
2024-01-12 08:44:12,054 [checker.py-115] INFO: |total_count   check|source:200 target:200
2024-01-12 08:44:12,101 [checker.py-136] INFO: count check successfully
2024-01-12 08:44:12,111 [run_or_mx.py-576] INFO: S:pg,T:pg
2024-01-12 08:44:12,366 [checker.py-383] INFO: different columns between Source and Target are: None
2024-01-12 08:44:12,481 [checker.py-338] INFO: value check sucessfully
2024-01-12 08:44:12,605 [checker.py-115] INFO: |total_count   check|source:200 target:200
2024-01-12 08:44:12,653 [checker.py-136] INFO: count check successfully
2024-01-12 08:44:30,050 [run_or_mx.py-167] INFO:  check rule is : Default
2024-01-12 08:44:30,226 [run_or_mx.py-576] INFO: S:pg,T:pg
2024-01-12 08:44:30,453 [checker.py-383] INFO: different columns between Source and Target are: None
2024-01-12 08:49:35,042 [run_or_mx.py-77] INFO:  check rule is : Default
2024-01-12 08:49:35,213 [run_or_mx.py-471] INFO: S:pg,T:pg
2024-01-12 08:49:35,411 [checker.py-383] INFO: different columns between Source and Target are: None
2024-01-12 08:49:35,515 [checker.py-338] INFO: value check sucessfully
2024-01-12 08:49:35,631 [checker.py-115] INFO: |total_count   check|source:200 target:200
2024-01-12 08:49:35,680 [checker.py-136] INFO: count check successfully
2024-01-12 08:49:52,331 [run_or_mx.py-167] INFO:  check rule is : Default
2024-01-12 08:49:52,499 [run_or_mx.py-576] INFO: S:pg,T:pg
2024-01-12 08:49:52,725 [checker.py-383] INFO: different columns between Source and Target are: None
2024-01-12 08:49:52,831 [checker.py-338] INFO: value check sucessfully
2024-01-12 08:49:52,953 [checker.py-115] INFO: |total_count   check|source:200 target:200
2024-01-12 08:49:52,998 [checker.py-136] INFO: count check successfully
2024-01-12 08:49:53,008 [run_or_mx.py-576] INFO: S:pg,T:pg
2024-01-12 08:49:53,240 [checker.py-383] INFO: different columns between Source and Target are: None
2024-01-12 08:49:53,351 [checker.py-338] INFO: value check sucessfully
2024-01-12 08:49:53,507 [checker.py-115] INFO: |total_count   check|source:200 target:200
2024-01-12 08:49:53,552 [checker.py-136] INFO: count check successfully
2024-01-12 08:49:53,562 [run_or_mx.py-576] INFO: S:pg,T:pg
2024-01-12 08:49:53,807 [checker.py-383] INFO: different columns between Source and Target are: None
2024-01-12 08:49:53,920 [checker.py-338] INFO: value check sucessfully
2024-01-12 08:49:54,047 [checker.py-115] INFO: |total_count   check|source:200 target:200
2024-01-12 08:49:54,094 [checker.py-136] INFO: count check successfully
2024-01-12 08:50:15,128 [run_or_mx.py-167] INFO:  check rule is : Default
2024-01-12 08:50:15,284 [run_or_mx.py-576] INFO: S:pg,T:pg
2024-01-12 08:50:15,512 [checker.py-383] INFO: different columns between Source and Target are: None
2024-01-12 08:50:15,613 [checker.py-338] INFO: value check sucessfully
2024-01-12 08:50:15,728 [checker.py-115] INFO: |total_count   check|source:200 target:200
2024-01-12 08:50:15,773 [checker.py-136] INFO: count check successfully
2024-01-12 08:50:15,783 [run_or_mx.py-576] INFO: S:pg,T:pg
2024-01-12 08:50:15,977 [checker.py-383] INFO: different columns between Source and Target are: None
2024-01-12 08:50:16,067 [checker.py-338] INFO: value check sucessfully
2024-01-12 08:50:16,220 [checker.py-115] INFO: |total_count   check|source:200 target:200
2024-01-12 08:50:16,266 [checker.py-136] INFO: count check successfully
2024-01-12 08:50:16,276 [run_or_mx.py-576] INFO: S:pg,T:pg
2024-01-12 08:50:16,520 [checker.py-383] INFO: different columns between Source and Target are: None
2024-02-18 16:21:21,582 [run_or_mx.py-167] INFO:  check rule is : Default
2024-02-18 16:21:21,712 [run_or_mx.py-576] INFO: S:pg,T:pg
2024-02-18 16:21:21,917 [checker.py-383] INFO: different columns between Source and Target are: None
2024-02-18 16:21:22,017 [checker.py-338] INFO: value check sucessfully
2024-02-18 16:21:22,133 [checker.py-115] INFO: |total_count   check|source:200 target:200
2024-02-18 16:21:22,179 [checker.py-136] INFO: count check successfully
2024-02-18 16:21:22,189 [run_or_mx.py-576] INFO: S:pg,T:pg
2024-02-18 16:21:22,374 [checker.py-383] INFO: different columns between Source and Target are: None
2024-02-18 16:21:22,459 [checker.py-338] INFO: value check sucessfully
2024-02-18 16:21:22,610 [checker.py-115] INFO: |total_count   check|source:200 target:200
2024-02-18 16:21:22,659 [checker.py-136] INFO: count check successfully
2024-02-18 16:21:22,669 [run_or_mx.py-576] INFO: S:pg,T:pg
2024-02-18 16:21:22,866 [checker.py-383] INFO: different columns between Source and Target are: None
2024-02-18 16:22:03,215 [run_or_mx.py-167] INFO:  check rule is : Default
2024-02-18 16:22:03,354 [run_or_mx.py-576] INFO: S:pg,T:pg
2024-02-18 16:22:03,544 [checker.py-383] INFO: different columns between Source and Target are: None
2024-02-18 16:22:03,636 [checker.py-338] INFO: value check sucessfully
2024-02-18 16:22:03,755 [checker.py-115] INFO: |total_count   check|source:200 target:200
2024-02-18 16:22:03,801 [checker.py-136] INFO: count check successfully
2024-02-18 16:22:03,811 [run_or_mx.py-576] INFO: S:pg,T:pg
2024-02-18 16:22:04,012 [checker.py-383] INFO: different columns between Source and Target are: None
2024-02-18 16:22:04,106 [checker.py-338] INFO: value check sucessfully
2024-02-18 16:22:04,262 [checker.py-115] INFO: |total_count   check|source:200 target:200
2024-02-18 16:22:04,309 [checker.py-136] INFO: count check successfully
2024-02-18 16:22:04,319 [run_or_mx.py-576] INFO: S:pg,T:pg
2024-02-18 16:22:04,526 [checker.py-383] INFO: different columns between Source and Target are: None
2024-02-18 16:22:04,623 [checker.py-338] INFO: value check sucessfully
2024-02-18 16:22:04,739 [checker.py-115] INFO: |total_count   check|source:200 target:200
2024-02-18 16:22:04,787 [checker.py-136] INFO: count check successfully
2024-04-10 18:27:56,718 [run_or_mx.py-77] INFO:  check rule is : Default
2024-04-10 18:27:56,977 [run_or_mx.py-471] INFO: S:pg,T:pg
2024-04-10 18:27:57,361 [checker.py-383] INFO: different columns between Source and Target are: None
2024-04-10 18:27:57,585 [checker.py-338] INFO: value check sucessfully
2024-04-10 18:27:57,756 [checker.py-115] INFO: |total_count   check|source:200 target:200
2024-04-10 18:27:57,820 [checker.py-136] INFO: count check successfully
2024-04-10 18:30:20,812 [run_or_mx.py-77] INFO:  check rule is : Default
2024-04-10 18:30:21,075 [run_or_mx.py-471] INFO: S:pg,T:pg
2024-04-10 18:30:21,618 [checker.py-383] INFO: different columns between Source and Target are: None
2024-04-10 18:30:21,853 [checker.py-338] INFO: value check sucessfully
2024-04-10 18:30:22,027 [checker.py-115] INFO: |total_count   check|source:200 target:200
2024-04-10 18:30:22,082 [checker.py-136] INFO: count check successfully
2024-04-10 18:36:36,117 [run_or_mx.py-77] INFO:  check rule is : Default
2024-04-10 18:36:36,353 [run_or_mx.py-471] INFO: S:pg,T:pg
2024-04-10 18:36:36,753 [checker.py-383] INFO: different columns between Source and Target are: None
2024-04-10 18:36:36,943 [checker.py-338] INFO: value check sucessfully
2024-04-10 18:36:37,127 [checker.py-115] INFO: |total_count   check|source:200 target:200
2024-04-10 18:36:37,182 [checker.py-136] INFO: count check successfully
