|||||||||||||||||||||||||Start checking|||||||||||||||||||||||||
Prepare data...
[['/ds/ht57/data/dpr_ht5701/dpr_br2_dev/cst_aoc_gisu/landing/ccb/aps/bk/ln_applycust_inf_20210617.text', 'ODS_CDP_CCB_LN_APPLYCUST_INF_BK', '', '', 'apply_nbr', '', "START_DT='2022-12-19'\n"]]
S:file,T:ali
====================:start check====================
different columns between Source and Target are: {'END_DT', 'REC_CREAT_DT_TM', 'TAG_GBGF', 'START_DT', 'REC_UPDT_DT_TM', 'TAG_COUNTRY', 'TAG_RESERVE', 'PURGE_DT', 'TAG_BRANCH', 'TAG_ENTITY'}
value check failed
|total_count   check|source:110 target:110
count check successfully
[['/ds/ht57/data/dpr_ht5701/dpr_br2_dev/cst_aoc_gisu/landing/ccb/aps/bk/ln_applycust_inf_20210617.text', 'ODS_CDP_CCB_LN_APPLYCUST_INF_BK', '', '', 'apply_nbr', '', "START_DT='2022-12-19'\n"]]
S:file,T:ali
====================:start check====================
different columns between Source and Target are: {'END_DT', 'REC_CREAT_DT_TM', 'TAG_GBGF', 'START_DT', 'REC_UPDT_DT_TM', 'TAG_COUNTRY', 'TAG_RESERVE', 'PURGE_DT', 'TAG_BRANCH', 'TAG_ENTITY'}
value check failed
|total_count   check|source:110 target:110
count check successfully
[['/ds/ht57/data/dpr_ht5701/dpr_br2_dev/cst_aoc_gisu/landing/ccb/aps/bk/ln_applycust_inf_20210617.text', 'ODS_CDP_CCB_LN_APPLYCUST_INF_BK', '', '', 'apply_nbr', '', "START_DT='2022-12-19'\n"]]
S:file,T:ali
====================:start check====================
different columns between Source and Target are: {'END_DT', 'REC_CREAT_DT_TM', 'TAG_GBGF', 'START_DT', 'REC_UPDT_DT_TM', 'TAG_COUNTRY', 'TAG_RESERVE', 'PURGE_DT', 'TAG_BRANCH', 'TAG_ENTITY'}
value check failed
|total_count   check|source:110 target:110
count check successfully
[['/ds/ht57/data/dpr_ht5701/dpr_br2_dev/cst_aoc_gisu/landing/ccb/aps/bk/ln_applycust_inf_20210617.text', 'ODS_CDP_CCB_LN_APPLYCUST_INF_BK', '', '', 'apply_nbr', '', "START_DT='2022-12-19'\n"]]
S:file,T:ali
====================:start check====================
different columns between Source and Target are: {'END_DT', 'REC_CREAT_DT_TM', 'TAG_GBGF', 'START_DT', 'REC_UPDT_DT_TM', 'TAG_COUNTRY', 'TAG_RESERVE', 'PURGE_DT', 'TAG_BRANCH', 'TAG_ENTITY'}
value check failed
|total_count   check|source:110 target:110
count check successfully
[['/ds/ht57/data/dpr_ht5701/dpr_br2_dev/cst_aoc_gisu/landing/ccb/aps/bk/ln_applycust_inf_20210617.text', 'ODS_CDP_CCB_LN_APPLYCUST_INF_BK', '', '', 'apply_nbr', '', "START_DT='2022-12-19'\n"]]
S:file,T:ali
====================:start check====================
different columns between Source and Target are: {'END_DT', 'REC_CREAT_DT_TM', 'TAG_GBGF', 'START_DT', 'REC_UPDT_DT_TM', 'TAG_COUNTRY', 'TAG_RESERVE', 'PURGE_DT', 'TAG_BRANCH', 'TAG_ENTITY'}
value check failed
|total_count   check|source:110 target:110
count check successfully
